__main__.py <module>() INFO: *********************************************************************************** 03.08.24 11:43:32
resources.symbol_settings.py fill_symbol_set() INFO: Filled up symbol_set! 03.08.24 11:43:37
open_entry_chart.py change_tframe() INFO: No need to change the timeframe as the current chart is already on that timeframe! 03.08.24 11:43:41
open_tv.py open_alerts_sidebar() INFO: The alerts sidebar is already open! 03.08.24 11:43:41
open_tv.py delete_all_alerts() INFO: All alerts have been sucessfully deleted! 03.08.24 11:43:46
open_tv.py get_indicator() INFO: Found indicator Screener! 03.08.24 11:43:46
open_tv.py get_indicator() INFO: Found indicator Trade! 03.08.24 11:43:46
database.local_db.py __init__() INFO: You successfully connected to MongoDB! 03.08.24 11:43:46
open_tv.py indicator_visibility() INFO: Screener indicator is already visible. No need to change its visibility! 03.08.24 11:43:46
open_tv.py indicator_visibility() INFO: Trade indicator is already visible. No need to change its visibility! 03.08.24 11:43:46
open_entry_chart.py change_symbol() INFO: Entered symbol OANDA:GBPAUD 03.08.24 11:43:48
open_tv.py get_indicator() INFO: Found indicator Screener! 03.08.24 11:43:51
open_tv.py change_settings() INFO: Successfully changed the inputs of the screener: ['OANDA:GBPAUD', 'OANDA:AUDJPY', 'OANDA:EURCAD', 'OANDA:EURGBP', 'OANDA:USDCHF'] 03.08.24 11:43:52
open_tv.py is_no_error() INFO: There is no error in Screener! 03.08.24 11:43:55
open_tv.py click_create_alert() INFO: Clicked on "Create"! 03.08.24 11:43:56
open_tv.py click_create_alert() INFO: No error occured while saving alert! 03.08.24 11:43:59
open_entry_chart.py change_symbol() INFO: Entered symbol OANDA:AUDNZD 03.08.24 11:44:04
open_tv.py get_indicator() INFO: Found indicator Screener! 03.08.24 11:44:07
open_tv.py change_settings() INFO: Successfully changed the inputs of the screener: ['OANDA:AUDNZD', 'OANDA:XAUUSD', 'OANDA:WTIUSD', 'OANDA:EURNZD', 'OANDA:USDJPY'] 03.08.24 11:44:09
open_tv.py is_no_error() INFO: There is no error in Screener! 03.08.24 11:44:12
open_tv.py click_create_alert() INFO: Clicked on "Create"! 03.08.24 11:44:12
open_tv.py click_create_alert() INFO: No error occured while saving alert! 03.08.24 11:44:15
open_entry_chart.py change_symbol() INFO: Entered symbol OANDA:NZDJPY 03.08.24 11:44:20
open_tv.py get_indicator() INFO: Found indicator Screener! 03.08.24 11:44:22
open_tv.py change_settings() INFO: Successfully changed the inputs of the screener: ['OANDA:NZDJPY', 'OANDA:GBPUSD', 'OANDA:AUDCAD', 'OANDA:EURJPY', 'OANDA:GBPNZD'] 03.08.24 11:44:24
open_tv.py is_no_error() INFO: There is no error in Screener! 03.08.24 11:44:27
open_tv.py click_create_alert() INFO: Clicked on "Create"! 03.08.24 11:44:28
open_tv.py click_create_alert() INFO: No error occured while saving alert! 03.08.24 11:44:31
open_entry_chart.py change_symbol() INFO: Entered symbol OANDA:GBPJPY 03.08.24 11:44:36
open_tv.py get_indicator() INFO: Found indicator Screener! 03.08.24 11:44:38
open_tv.py change_settings() INFO: Successfully changed the inputs of the screener: ['OANDA:GBPJPY', 'OANDA:EURUSD', 'OANDA:EURCHF', 'OANDA:GBPCAD', 'OANDA:AUDUSD'] 03.08.24 11:44:39
open_tv.py is_no_error() INFO: There is no error in Screener! 03.08.24 11:44:42
open_tv.py click_create_alert() INFO: Clicked on "Create"! 03.08.24 11:44:43
open_tv.py click_create_alert() INFO: No error occured while saving alert! 03.08.24 11:44:46
open_entry_chart.py change_symbol() INFO: Entered symbol OANDA:XAGUSD 03.08.24 11:44:51
open_tv.py get_indicator() INFO: Found indicator Screener! 03.08.24 11:44:53
open_tv.py change_settings() INFO: Successfully changed the inputs of the screener: ['OANDA:XAGUSD', 'OANDA:NZDUSD', 'OANDA:EURAUD', 'OANDA:CADCHF', 'OANDA:CHFJPY'] 03.08.24 11:44:55
open_tv.py is_no_error() INFO: There is no error in Screener! 03.08.24 11:44:58
open_tv.py click_create_alert() INFO: Clicked on "Create"! 03.08.24 11:44:58
open_tv.py click_create_alert() INFO: No error occured while saving alert! 03.08.24 11:45:01
open_entry_chart.py change_symbol() INFO: Entered symbol OANDA:GBPCHF 03.08.24 11:45:07
open_tv.py get_indicator() INFO: Found indicator Screener! 03.08.24 11:45:08
open_tv.py change_settings() INFO: Successfully changed the inputs of the screener: ['OANDA:GBPCHF', 'OANDA:NZDCHF', 'OANDA:CADJPY', 'OANDA:USDCAD', 'OANDA:NZDCAD'] 03.08.24 11:45:10
open_tv.py is_no_error() INFO: There is no error in Screener! 03.08.24 11:45:13
open_tv.py click_create_alert() INFO: Clicked on "Create"! 03.08.24 11:45:14
open_tv.py click_create_alert() INFO: No error occured while saving alert! 03.08.24 11:45:16
open_entry_chart.py change_symbol() INFO: Entered symbol BINANCE:BTCUSDT 03.08.24 11:45:22
open_tv.py get_indicator() INFO: Found indicator Screener! 03.08.24 11:45:23
open_tv.py change_settings() INFO: Successfully changed the inputs of the screener: ['BINANCE:BTCUSDT', 'BINANCE:BCHBTC', 'BINANCE:DOGEUSDT', 'BINANCE:TRXBTC', 'BINANCE:UNIUSDT'] 03.08.24 11:45:25
open_tv.py is_no_error() INFO: There is no error in Screener! 03.08.24 11:45:28
open_tv.py click_create_alert() INFO: Clicked on "Create"! 03.08.24 11:45:29
open_tv.py click_create_alert() INFO: No error occured while saving alert! 03.08.24 11:45:31
open_entry_chart.py change_symbol() INFO: Entered symbol BINANCE:LTCUSDT 03.08.24 11:45:37
open_tv.py get_indicator() INFO: Found indicator Screener! 03.08.24 11:45:39
open_tv.py change_settings() INFO: Successfully changed the inputs of the screener: ['BINANCE:LTCUSDT', 'BINANCE:LTCBTC', 'BINANCE:BCHUSDT', 'BINANCE:ETHUSDT', 'BINANCE:XRPUSDT'] 03.08.24 11:45:40
open_tv.py is_no_error() INFO: There is no error in Screener! 03.08.24 11:45:43
open_tv.py click_create_alert() INFO: Clicked on "Create"! 03.08.24 11:45:44
open_tv.py click_create_alert() INFO: No error occured while saving alert! 03.08.24 11:45:47
open_entry_chart.py change_symbol() INFO: Entered symbol BINANCE:LINKBTC 03.08.24 11:45:52
open_tv.py get_indicator() INFO: Found indicator Screener! 03.08.24 11:45:54
open_tv.py change_settings() INFO: Successfully changed the inputs of the screener: ['BINANCE:LINKBTC', 'BINANCE:XRPBTC', 'BINANCE:TRXUSDT', 'BINANCE:XLMUSDT', 'BINANCE:ETHBTC'] 03.08.24 11:45:56
open_tv.py is_no_error() INFO: There is no error in Screener! 03.08.24 11:45:59
open_tv.py click_create_alert() INFO: Clicked on "Create"! 03.08.24 11:46:00
open_tv.py click_create_alert() INFO: No error occured while saving alert! 03.08.24 11:46:02
open_entry_chart.py change_symbol() INFO: Entered symbol BINANCE:NEOUSDT 03.08.24 11:46:08
open_tv.py get_indicator() INFO: Found indicator Screener! 03.08.24 11:46:09
open_tv.py change_settings() INFO: Successfully changed the inputs of the screener: ['BINANCE:NEOUSDT', 'BINANCE:EOSUSDT', 'BINANCE:EOSBTC', 'BINANCE:LINKUSDT'] 03.08.24 11:46:11
open_tv.py is_no_error() INFO: There is no error in Screener! 03.08.24 11:46:14
open_tv.py click_create_alert() INFO: Clicked on "Create"! 03.08.24 11:46:14
open_tv.py click_create_alert() INFO: No error occured while saving alert! 03.08.24 11:46:17
open_entry_chart.py change_symbol() INFO: Entered symbol RUT 03.08.24 11:46:22
open_tv.py get_indicator() INFO: Found indicator Screener! 03.08.24 11:46:25
open_tv.py change_settings() INFO: Successfully changed the inputs of the screener: ['RUT', 'SNSX50', 'GDAXI', 'SENSEX', 'VIX'] 03.08.24 11:46:27
open_tv.py is_no_error() INFO: There is no error in Screener! 03.08.24 11:46:30
open_tv.py click_create_alert() INFO: Clicked on "Create"! 03.08.24 11:46:30
open_tv.py click_create_alert() INFO: No error occured while saving alert! 03.08.24 11:46:33
open_entry_chart.py change_symbol() INFO: Entered symbol NIFTY 03.08.24 11:46:38
open_tv.py get_indicator() INFO: Found indicator Screener! 03.08.24 11:46:41
open_tv.py change_settings() INFO: Successfully changed the inputs of the screener: ['NIFTY', 'SMLCAP', 'MIDCAP', 'DJI', 'FCHI'] 03.08.24 11:46:43
open_tv.py is_no_error() INFO: There is no error in Screener! 03.08.24 11:46:46
open_tv.py click_create_alert() INFO: Clicked on "Create"! 03.08.24 11:46:47
open_tv.py click_create_alert() INFO: No error occured while saving alert! 03.08.24 11:46:49
open_entry_chart.py change_symbol() INFO: Entered symbol SMLSEL 03.08.24 11:46:55
open_tv.py get_indicator() INFO: Found indicator Screener! 03.08.24 11:46:57
open_tv.py change_settings() INFO: Successfully changed the inputs of the screener: ['SMLSEL', 'FTSE', 'BANKNIFTY', 'CNXMIDCAP', 'SPX'] 03.08.24 11:46:59
open_tv.py is_no_error() INFO: There is no error in Screener! 03.08.24 11:47:02
open_tv.py click_create_alert() INFO: Clicked on "Create"! 03.08.24 11:47:02
open_tv.py click_create_alert() INFO: No error occured while saving alert! 03.08.24 11:47:05
open_entry_chart.py change_symbol() INFO: Entered symbol MIDSEL 03.08.24 11:47:10
open_tv.py get_indicator() INFO: Found indicator Screener! 03.08.24 11:47:13
open_tv.py change_settings() INFO: Successfully changed the inputs of the screener: ['MIDSEL', 'IXIC', 'LRGCAP'] 03.08.24 11:47:14
open_tv.py is_no_error() INFO: There is no error in Screener! 03.08.24 11:47:17
open_tv.py click_create_alert() INFO: Clicked on "Create"! 03.08.24 11:47:18
open_tv.py click_create_alert() INFO: No error occured while saving alert! 03.08.24 11:47:20
open_entry_chart.py change_symbol() INFO: Entered symbol DEVYANI 03.08.24 11:47:26
open_tv.py get_indicator() INFO: Found indicator Screener! 03.08.24 11:47:28
open_tv.py change_settings() INFO: Successfully changed the inputs of the screener: ['DEVYANI', 'MMTC', 'PRAJIND', 'PTC', 'JUBLFOOD'] 03.08.24 11:47:30
open_tv.py is_no_error() INFO: There is no error in Screener! 03.08.24 11:47:33
open_tv.py click_create_alert() INFO: Clicked on "Create"! 03.08.24 11:47:34
open_tv.py click_create_alert() INFO: No error occured while saving alert! 03.08.24 11:47:36
open_entry_chart.py change_symbol() INFO: Entered symbol NIACL 03.08.24 11:47:41
open_tv.py get_indicator() INFO: Found indicator Screener! 03.08.24 11:47:44
open_tv.py change_settings() INFO: Successfully changed the inputs of the screener: ['NIACL', 'SIEMENS', 'TVTODAY', 'TRENT', 'M_M'] 03.08.24 11:47:46
open_tv.py is_no_error() INFO: There is no error in Screener! 03.08.24 11:47:49
open_tv.py click_create_alert() INFO: Clicked on "Create"! 03.08.24 11:47:49
open_tv.py click_create_alert() INFO: No error occured while saving alert! 03.08.24 11:47:52
open_entry_chart.py change_symbol() INFO: Entered symbol BAYERCROP 03.08.24 11:47:57
open_tv.py get_indicator() INFO: Found indicator Screener! 03.08.24 11:47:59
open_tv.py change_settings() INFO: Successfully changed the inputs of the screener: ['BAYERCROP', 'ZENSARTECH', 'MAHABANK', 'MAHSEAMLES', 'ABCAPITAL'] 03.08.24 11:48:01
open_tv.py is_no_error() INFO: There is no error in Screener! 03.08.24 11:48:04
open_tv.py click_create_alert() INFO: Clicked on "Create"! 03.08.24 11:48:05
open_tv.py click_create_alert() INFO: No error occured while saving alert! 03.08.24 11:48:07
open_entry_chart.py change_symbol() INFO: Entered symbol PRESTIGE 03.08.24 11:48:13
open_tv.py get_indicator() INFO: Found indicator Screener! 03.08.24 11:48:15
open_tv.py change_settings() INFO: Successfully changed the inputs of the screener: ['PRESTIGE', 'BAJAJFINSV', 'SCHNEIDER', 'RELIANCE', 'MASTEK'] 03.08.24 11:48:18
open_tv.py is_no_error() INFO: There is no error in Screener! 03.08.24 11:48:21
open_tv.py click_create_alert() INFO: Clicked on "Create"! 03.08.24 11:48:21
open_tv.py click_create_alert() INFO: No error occured while saving alert! 03.08.24 11:48:24
open_entry_chart.py change_symbol() INFO: Entered symbol VENKEYS 03.08.24 11:48:29
open_tv.py get_indicator() INFO: Found indicator Screener! 03.08.24 11:48:32
open_tv.py change_settings() INFO: Successfully changed the inputs of the screener: ['VENKEYS', 'PVR', 'CHOLAFIN', 'SYMPHONY', 'QUESS'] 03.08.24 11:48:34
open_tv.py is_no_error() INFO: There is no error in Screener! 03.08.24 11:48:37
open_tv.py click_create_alert() INFO: Clicked on "Create"! 03.08.24 11:48:38
open_tv.py click_create_alert() INFO: No error occured while saving alert! 03.08.24 11:48:41
open_entry_chart.py change_symbol() INFO: Entered symbol COLPAL 03.08.24 11:48:46
open_tv.py get_indicator() INFO: Found indicator Screener! 03.08.24 11:48:48
open_tv.py change_settings() INFO: Successfully changed the inputs of the screener: ['COLPAL', 'ACC', 'MUTHOOTFIN', 'NFL', 'PETRONET'] 03.08.24 11:48:51
open_tv.py is_no_error() INFO: There is no error in Screener! 03.08.24 11:48:54
open_tv.py click_create_alert() INFO: Clicked on "Create"! 03.08.24 11:48:55
open_tv.py click_create_alert() INFO: No error occured while saving alert! 03.08.24 11:48:57
open_entry_chart.py change_symbol() INFO: Entered symbol KEC 03.08.24 11:49:03
open_tv.py get_indicator() INFO: Found indicator Screener! 03.08.24 11:49:05
open_tv.py change_settings() INFO: Successfully changed the inputs of the screener: ['KEC', 'VAKRANGEE', 'SCI', 'CYIENT', 'PGHH'] 03.08.24 11:49:08
open_tv.py is_no_error() INFO: There is no error in Screener! 03.08.24 11:49:11
open_tv.py click_create_alert() INFO: Clicked on "Create"! 03.08.24 11:49:11
open_tv.py click_create_alert() INFO: No error occured while saving alert! 03.08.24 11:49:14
open_entry_chart.py change_symbol() INFO: Entered symbol UPL 03.08.24 11:49:20
open_tv.py get_indicator() INFO: Found indicator Screener! 03.08.24 11:49:22
open_tv.py change_settings() INFO: Successfully changed the inputs of the screener: ['UPL', 'THYROCARE', 'SIS', 'SUNPHARMA', 'MRF'] 03.08.24 11:49:25
open_tv.py is_no_error() INFO: There is no error in Screener! 03.08.24 11:49:28
open_tv.py click_create_alert() INFO: Clicked on "Create"! 03.08.24 11:49:29
open_tv.py click_create_alert() INFO: No error occured while saving alert! 03.08.24 11:49:31
open_entry_chart.py change_symbol() INFO: Entered symbol FCSSOFT 03.08.24 11:49:37
open_tv.py get_indicator() INFO: Found indicator Screener! 03.08.24 11:49:39
open_tv.py change_settings() INFO: Successfully changed the inputs of the screener: ['FCSSOFT', 'SONATSOFTW', 'COFORGE', 'MARUTI', 'JUBLINDS'] 03.08.24 11:49:41
open_tv.py is_no_error() INFO: There is no error in Screener! 03.08.24 11:49:44
open_tv.py click_create_alert() INFO: Clicked on "Create"! 03.08.24 11:49:45
open_tv.py click_create_alert() INFO: No error occured while saving alert! 03.08.24 11:49:48
open_entry_chart.py change_symbol() INFO: Entered symbol SJVN 03.08.24 11:49:53
open_tv.py get_indicator() INFO: Found indicator Screener! 03.08.24 11:49:55
open_tv.py change_settings() INFO: Successfully changed the inputs of the screener: ['SJVN', 'CRISIL', 'DABUR', 'ITC', 'MOTHERSON'] 03.08.24 11:49:57
open_tv.py is_no_error() INFO: There is no error in Screener! 03.08.24 11:50:00
open_tv.py click_create_alert() INFO: Clicked on "Create"! 03.08.24 11:50:01
open_tv.py click_create_alert() INFO: No error occured while saving alert! 03.08.24 11:50:03
open_entry_chart.py change_symbol() INFO: Entered symbol BALKRISIND 03.08.24 11:50:09
open_tv.py get_indicator() INFO: Found indicator Screener! 03.08.24 11:50:11
open_tv.py change_settings() INFO: Successfully changed the inputs of the screener: ['BALKRISIND', 'COALINDIA', 'LTI', 'PAGEIND', 'RBLBANK'] 03.08.24 11:50:13
open_tv.py is_no_error() INFO: There is no error in Screener! 03.08.24 11:50:16
open_tv.py click_create_alert() INFO: Clicked on "Create"! 03.08.24 11:50:17
open_tv.py click_create_alert() INFO: No error occured while saving alert! 03.08.24 11:50:19
open_entry_chart.py change_symbol() INFO: Entered symbol LICHSGFIN 03.08.24 11:50:25
open_tv.py get_indicator() INFO: Found indicator Screener! 03.08.24 11:50:27
open_tv.py change_settings() INFO: Successfully changed the inputs of the screener: ['LICHSGFIN', 'MGL', 'AJANTPHARM', 'TATASTEEL', 'NESTLEIND'] 03.08.24 11:50:30
open_tv.py is_no_error() INFO: There is no error in Screener! 03.08.24 11:50:33
open_tv.py click_create_alert() INFO: Clicked on "Create"! 03.08.24 11:50:33
open_tv.py click_create_alert() INFO: No error occured while saving alert! 03.08.24 11:50:36
open_entry_chart.py change_symbol() INFO: Entered symbol EQUITASBNK 03.08.24 11:50:41
open_tv.py get_indicator() INFO: Found indicator Screener! 03.08.24 11:50:43
open_tv.py change_settings() INFO: Successfully changed the inputs of the screener: ['EQUITASBNK', 'BRITANNIA', 'UNIONBANK', 'KAJARIACER', 'VIKASECO'] 03.08.24 11:50:45
open_tv.py is_no_error() INFO: There is no error in Screener! 03.08.24 11:50:48
open_tv.py click_create_alert() INFO: Clicked on "Create"! 03.08.24 11:50:49
open_tv.py click_create_alert() INFO: No error occured while saving alert! 03.08.24 11:50:52
open_entry_chart.py change_symbol() INFO: Entered symbol AIAENG 03.08.24 11:50:57
open_tv.py get_indicator() INFO: Found indicator Screener! 03.08.24 11:50:59
open_tv.py change_settings() INFO: Successfully changed the inputs of the screener: ['AIAENG', 'KPRMILL', 'SBILIFE', 'APARINDS', 'ESSENTIA'] 03.08.24 11:51:01
open_tv.py is_no_error() INFO: There is no error in Screener! 03.08.24 11:51:05
open_tv.py click_create_alert() INFO: Clicked on "Create"! 03.08.24 11:51:05
open_tv.py click_create_alert() INFO: No error occured while saving alert! 03.08.24 11:51:08
open_entry_chart.py change_symbol() INFO: Entered symbol SUNTV 03.08.24 11:51:13
open_tv.py get_indicator() INFO: Found indicator Screener! 03.08.24 11:51:15
open_tv.py change_settings() INFO: Successfully changed the inputs of the screener: ['SUNTV', 'WABCOINDIA', 'RAMCOCEM', 'ASHOKLEY', 'RCF'] 03.08.24 11:51:17
open_tv.py is_no_error() INFO: There is no error in Screener! 03.08.24 11:51:21
open_tv.py click_create_alert() ERROR: Error occurred when setting up alert. Exiting function. Error: 03.08.24 11:51:31
Traceback (most recent call last):
  File "C:\Users\Puja\Work\Coding\Python\For Poolsifi\tradingview to everywhere\open_tv.py", line 349, in click_create_alert
    WebDriverWait(self.driver, 10).until(EC.presence_of_element_located((By.CSS_SELECTOR, 'span[data-name="main-series-select"]'))).click()
  File "c:\Users\Puja\.virtualenvs\tradingview_to_everywhere-NF3SeAh4\lib\site-packages\selenium\webdriver\support\wait.py", line 105, in until
    raise TimeoutException(message, screen, stacktrace)
selenium.common.exceptions.TimeoutException: Message: 
Stacktrace:
	GetHandleVerifier [0x00898D33+51395]
	(No symbol) [0x00805F91]
	(No symbol) [0x006BE13A]
	(No symbol) [0x006F62BB]
	(No symbol) [0x006F63EB]
	(No symbol) [0x0072C162]
	(No symbol) [0x00713ED4]
	(No symbol) [0x0072A570]
	(No symbol) [0x00713C26]
	(No symbol) [0x006EC629]
	(No symbol) [0x006ED40D]
	GetHandleVerifier [0x00C164F3+3711107]
	GetHandleVerifier [0x00C558DA+3970154]
	GetHandleVerifier [0x00C50BC8+3950424]
	GetHandleVerifier [0x00949D39+776393]
	(No symbol) [0x00811764]
	(No symbol) [0x0080C648]
	(No symbol) [0x0080C7F9]
	(No symbol) [0x007FDE20]
	BaseThreadInitThunk [0x75807BA9+25]
	RtlInitializeExceptionChain [0x77B8BDAB+107]
	RtlClearBits [0x77B8BD2F+191]

open_tv.py reupload_indicator() INFO: The screener is on the chart after re-uploading it! 03.08.24 11:51:36
open_tv.py get_indicator() INFO: Found indicator Screener! 03.08.24 11:51:36
open_tv.py change_settings() INFO: Successfully changed the inputs of the screener: ['SUNTV', 'WABCOINDIA', 'RAMCOCEM', 'ASHOKLEY', 'RCF'] 03.08.24 11:51:38
