__main__.py main() INFO: *********************************************************************************** 09.05.24 10:56:37
open_entry_chart.py change_tframe() INFO: No need to change the timeframe as the current chart is already on that timeframe! 09.05.24 10:56:42
open_tv.py open_alerts_sidebar() INFO: The alerts sidebar is already open! 09.05.24 10:56:42
open_tv.py get_indicator() INFO: Found indicator Screener! 09.05.24 10:56:42
open_tv.py get_indicator() INFO: Found indicator Trade! 09.05.24 10:56:42
database.local_db.py __init__() INFO: You successfully connected to MongoDB! 09.05.24 10:56:43
open_tv.py indicator_visibility() INFO: Screener indicator is already hidden. No need to change its visibility! 09.05.24 10:56:43
open_tv.py indicator_visibility() INFO: Trade indicator is already visible. No need to change its visibility! 09.05.24 10:56:43
open_tv.py change_candles_type() INFO: The candle type is already Line. 09.05.24 10:56:43
resources.utils.py open_alert_tab() INFO: Alerts tab is closed. Will open it. 09.05.24 10:56:45
open_tv.py get_indicator() INFO: Found indicator Screener! 09.05.24 10:56:54
open_tv.py get_indicator() INFO: Found indicator Trade! 09.05.24 10:56:54
open_tv.py indicator_visibility() INFO: Successfully changed the visibility of Screener to make it visible! 09.05.24 10:56:54
open_tv.py indicator_visibility() INFO: Trade indicator is already visible. No need to change its visibility! 09.05.24 10:56:54
open_tv.py change_candles_type() INFO: The candle type is already Line. 09.05.24 10:56:54
resources.utils.py open_log_tab() INFO: Logs tab is closed. Will open it. 09.05.24 10:56:56
resources.utils.py open_log_tab() INFO: Log tab is already open. No need to open it! 09.05.24 10:56:57
resources.utils.py open_log_tab() INFO: Log tab is already open. No need to open it! 09.05.24 10:56:57
open_tv.py indicator_visibility() INFO: Successfully changed the visibility of Screener to make it hidden! 09.05.24 10:56:57
open_entry_chart.py change_symbol() INFO: Entered symbol BF.A 09.05.24 10:56:58
open_entry_chart.py change_tframe() INFO: No need to change the timeframe as the current chart is already on that timeframe! 09.05.24 10:57:00
open_entry_chart.py get_indicator() INFO: Found indicator Trade! 09.05.24 10:57:00
open_entry_chart.py change_indicator_settings() INFO: Trade Drawer's settings changed. Inputs: entry_time - 1725471000000, entry_price - 45.25, sl_price - 46.37, tp1_price - 44.13, tp2_price - 43.01, tp3_price - 41.89 09.05.24 10:57:04
open_entry_chart.py change_indicator_settings() INFO: Trade indicator fully loaded! 09.05.24 10:57:06
open_entry_chart.py save_chart_img() INFO: Took a snapshot and opened it in new tab. 09.05.24 10:57:06
open_entry_chart.py save_chart_img() INFO: Got link of image and tab! 09.05.24 10:57:08
database.local_db.py add_doc() INFO: Successfully sent a doc to Entries collection! 09.05.24 10:57:09
database.nk_db.py post_to_url() INFO: Post request to Nishant uncle's webhook sent successfully! Response: <Response [200]> 09.05.24 10:57:10
handle_alerts.py send_everywhere() INFO: Successfully sent entry data to all platforms for symbol BF.A. 09.05.24 10:57:10
handle_alerts.py post() ERROR: Error in sending the entry to all platforms. Going to next symbol. 09.05.24 10:57:10
resources.utils.py open_log_tab() INFO: Log tab is already open. No need to open it! 09.05.24 10:57:10
resources.utils.py open_log_tab() INFO: Log tab is already open. No need to open it! 09.05.24 10:57:10
resources.utils.py open_log_tab() INFO: Log tab is already open. No need to open it! 09.05.24 10:57:10
open_tv.py indicator_visibility() INFO: Screener indicator is already hidden. No need to change its visibility! 09.05.24 10:57:10
open_entry_chart.py change_symbol() INFO: Entered symbol CFG/PE 09.05.24 10:57:11
open_entry_chart.py change_tframe() INFO: No need to change the timeframe as the current chart is already on that timeframe! 09.05.24 10:57:13
open_entry_chart.py get_indicator() INFO: Found indicator Trade! 09.05.24 10:57:13
open_entry_chart.py change_indicator_settings() INFO: Trade Drawer's settings changed. Inputs: entry_time - 1725460200000, entry_price - 21.81, sl_price - 19.63, tp1_price - 23.99, tp2_price - 26.17, tp3_price - 28.35 09.05.24 10:57:17
open_entry_chart.py change_indicator_settings() INFO: Trade indicator fully loaded! 09.05.24 10:57:19
open_entry_chart.py save_chart_img() INFO: Took a snapshot and opened it in new tab. 09.05.24 10:57:19
open_entry_chart.py save_chart_img() INFO: Got link of image and tab! 09.05.24 10:57:22
database.local_db.py add_doc() INFO: Successfully sent a doc to Entries collection! 09.05.24 10:57:22
database.nk_db.py post_to_url() INFO: Post request to Nishant uncle's webhook sent successfully! Response: <Response [200]> 09.05.24 10:57:22
handle_alerts.py send_everywhere() INFO: Successfully sent entry data to all platforms for symbol CFG/PE. 09.05.24 10:57:22
handle_alerts.py post() ERROR: Error in sending the entry to all platforms. Going to next symbol. 09.05.24 10:57:22
resources.utils.py open_log_tab() INFO: Log tab is already open. No need to open it! 09.05.24 10:57:22
resources.utils.py open_log_tab() INFO: Log tab is already open. No need to open it! 09.05.24 10:57:22
resources.utils.py open_log_tab() INFO: Log tab is already open. No need to open it! 09.05.24 10:57:23
open_tv.py indicator_visibility() INFO: Screener indicator is already hidden. No need to change its visibility! 09.05.24 10:57:23
open_entry_chart.py change_symbol() INFO: Entered symbol MOH 09.05.24 10:57:24
open_entry_chart.py change_tframe() INFO: No need to change the timeframe as the current chart is already on that timeframe! 09.05.24 10:57:26
open_entry_chart.py get_indicator() INFO: Found indicator Trade! 09.05.24 10:57:26
open_entry_chart.py change_indicator_settings() INFO: Trade Drawer's settings changed. Inputs: entry_time - 1725456600000, entry_price - 355.01, sl_price - 359.15, tp1_price - 350.87, tp2_price - 346.73, tp3_price - 342.59 09.05.24 10:57:30
open_entry_chart.py change_indicator_settings() INFO: Trade indicator fully loaded! 09.05.24 10:57:32
open_entry_chart.py save_chart_img() INFO: Took a snapshot and opened it in new tab. 09.05.24 10:57:32
open_entry_chart.py save_chart_img() INFO: Got link of image and tab! 09.05.24 10:57:34
database.local_db.py add_doc() INFO: Successfully sent a doc to Entries collection! 09.05.24 10:57:35
database.nk_db.py post_to_url() INFO: Post request to Nishant uncle's webhook sent successfully! Response: <Response [200]> 09.05.24 10:57:35
handle_alerts.py send_everywhere() INFO: Successfully sent entry data to all platforms for symbol MOH. 09.05.24 10:57:35
handle_alerts.py post() ERROR: Error in sending the entry to all platforms. Going to next symbol. 09.05.24 10:57:35
resources.utils.py open_log_tab() INFO: Log tab is already open. No need to open it! 09.05.24 10:57:35
resources.utils.py open_log_tab() INFO: Log tab is already open. No need to open it! 09.05.24 10:57:35
resources.utils.py open_log_tab() INFO: Log tab is already open. No need to open it! 09.05.24 10:57:35
open_tv.py indicator_visibility() INFO: Screener indicator is already hidden. No need to change its visibility! 09.05.24 10:57:36
open_entry_chart.py change_symbol() INFO: Entered symbol STOHF 09.05.24 10:57:37
open_entry_chart.py change_tframe() INFO: No need to change the timeframe as the current chart is already on that timeframe! 09.05.24 10:57:39
open_entry_chart.py get_indicator() INFO: Found indicator Trade! 09.05.24 10:57:39
open_entry_chart.py change_indicator_settings() INFO: Trade Drawer's settings changed. Inputs: entry_time - 1725370200000, entry_price - 25.436, sl_price - 28.524, tp1_price - 22.348, tp2_price - 19.26, tp3_price - 16.172 09.05.24 10:57:43
open_entry_chart.py change_indicator_settings() INFO: Trade indicator fully loaded! 09.05.24 10:57:45
open_entry_chart.py save_chart_img() INFO: Took a snapshot and opened it in new tab. 09.05.24 10:57:45
open_entry_chart.py save_chart_img() INFO: Got link of image and tab! 09.05.24 10:57:47
database.local_db.py add_doc() INFO: Successfully sent a doc to Entries collection! 09.05.24 10:57:47
database.nk_db.py post_to_url() INFO: Post request to Nishant uncle's webhook sent successfully! Response: <Response [200]> 09.05.24 10:57:48
handle_alerts.py send_everywhere() INFO: Successfully sent entry data to all platforms for symbol STOHF. 09.05.24 10:57:48
handle_alerts.py post() ERROR: Error in sending the entry to all platforms. Going to next symbol. 09.05.24 10:57:48
resources.utils.py open_log_tab() INFO: Log tab is already open. No need to open it! 09.05.24 10:57:48
resources.utils.py open_log_tab() INFO: Log tab is already open. No need to open it! 09.05.24 10:57:48
resources.utils.py open_log_tab() INFO: Log tab is already open. No need to open it! 09.05.24 10:57:48
open_tv.py indicator_visibility() INFO: Screener indicator is already hidden. No need to change its visibility! 09.05.24 10:57:48
open_entry_chart.py change_symbol() INFO: Entered symbol USDCHF 09.05.24 10:57:49
open_entry_chart.py change_tframe() INFO: No need to change the timeframe as the current chart is already on that timeframe! 09.05.24 10:57:51
open_entry_chart.py get_indicator() INFO: Found indicator Trade! 09.05.24 10:57:51
open_entry_chart.py change_indicator_settings() INFO: Trade Drawer's settings changed. Inputs: entry_time - 1725451200000, entry_price - 0.84996, sl_price - 0.8472, tp1_price - 0.85272, tp2_price - 0.85548, tp3_price - 0.85824 09.05.24 10:57:55
open_entry_chart.py change_indicator_settings() INFO: Trade indicator fully loaded! 09.05.24 10:57:57
open_entry_chart.py save_chart_img() INFO: Took a snapshot and opened it in new tab. 09.05.24 10:57:57
open_entry_chart.py save_chart_img() INFO: Got link of image and tab! 09.05.24 10:57:59
database.local_db.py add_doc() INFO: Successfully sent a doc to Entries collection! 09.05.24 10:58:00
database.nk_db.py post_to_url() INFO: Post request to Nishant uncle's webhook sent successfully! Response: <Response [200]> 09.05.24 10:58:00
handle_alerts.py send_everywhere() INFO: Successfully sent entry data to all platforms for symbol USDCHF. 09.05.24 10:58:00
handle_alerts.py post() ERROR: Error in sending the entry to all platforms. Going to next symbol. 09.05.24 10:58:00
resources.utils.py open_log_tab() INFO: Log tab is already open. No need to open it! 09.05.24 10:58:00
resources.utils.py open_log_tab() INFO: Log tab is already open. No need to open it! 09.05.24 10:58:00
resources.utils.py open_log_tab() INFO: Log tab is already open. No need to open it! 09.05.24 10:58:00
open_tv.py indicator_visibility() INFO: Screener indicator is already hidden. No need to change its visibility! 09.05.24 10:58:00
open_entry_chart.py change_symbol() INFO: Entered symbol WDC 09.05.24 10:58:01
open_entry_chart.py change_tframe() INFO: No need to change the timeframe as the current chart is already on that timeframe! 09.05.24 10:58:04
open_entry_chart.py get_indicator() INFO: Found indicator Trade! 09.05.24 10:58:04
open_entry_chart.py change_indicator_settings() INFO: Trade Drawer's settings changed. Inputs: entry_time - 1725456600000, entry_price - 62.87, sl_price - 65.69, tp1_price - 60.05, tp2_price - 57.23, tp3_price - 54.41 09.05.24 10:58:07
open_entry_chart.py change_indicator_settings() INFO: Trade indicator fully loaded! 09.05.24 10:58:09
open_entry_chart.py save_chart_img() INFO: Took a snapshot and opened it in new tab. 09.05.24 10:58:09
open_entry_chart.py save_chart_img() INFO: Got link of image and tab! 09.05.24 10:58:11
database.local_db.py add_doc() INFO: Successfully sent a doc to Entries collection! 09.05.24 10:58:12
database.nk_db.py post_to_url() INFO: Post request to Nishant uncle's webhook sent successfully! Response: <Response [200]> 09.05.24 10:58:12
handle_alerts.py send_everywhere() INFO: Successfully sent entry data to all platforms for symbol WDC. 09.05.24 10:58:12
handle_alerts.py post() ERROR: Error in sending the entry to all platforms. Going to next symbol. 09.05.24 10:58:12
resources.utils.py open_log_tab() INFO: Log tab is already open. No need to open it! 09.05.24 10:58:12
resources.utils.py open_log_tab() INFO: Log tab is already open. No need to open it! 09.05.24 10:58:12
resources.utils.py open_log_tab() INFO: Log tab is already open. No need to open it! 09.05.24 10:58:12
open_tv.py indicator_visibility() INFO: Screener indicator is already hidden. No need to change its visibility! 09.05.24 10:58:13
open_entry_chart.py change_symbol() INFO: Entered symbol APTV 09.05.24 10:58:14
open_entry_chart.py change_tframe() INFO: No need to change the timeframe as the current chart is already on that timeframe! 09.05.24 10:58:16
open_entry_chart.py get_indicator() INFO: Found indicator Trade! 09.05.24 10:58:16
open_entry_chart.py change_indicator_settings() INFO: Trade Drawer's settings changed. Inputs: entry_time - 1725391800000, entry_price - 70.18, sl_price - 71.83, tp1_price - 68.53, tp2_price - 66.88, tp3_price - 65.23 09.05.24 10:58:19
open_entry_chart.py change_indicator_settings() INFO: Trade indicator fully loaded! 09.05.24 10:58:22
open_entry_chart.py save_chart_img() INFO: Took a snapshot and opened it in new tab. 09.05.24 10:58:22
open_entry_chart.py save_chart_img() INFO: Got link of image and tab! 09.05.24 10:58:24
database.local_db.py add_doc() INFO: Successfully sent a doc to Entries collection! 09.05.24 10:58:24
database.nk_db.py post_to_url() INFO: Post request to Nishant uncle's webhook sent successfully! Response: <Response [200]> 09.05.24 10:58:25
handle_alerts.py send_everywhere() INFO: Successfully sent entry data to all platforms for symbol APTV. 09.05.24 10:58:25
handle_alerts.py post() ERROR: Error in sending the entry to all platforms. Going to next symbol. 09.05.24 10:58:25
resources.utils.py open_log_tab() INFO: Log tab is already open. No need to open it! 09.05.24 10:58:25
resources.utils.py open_log_tab() INFO: Log tab is already open. No need to open it! 09.05.24 10:58:25
resources.utils.py open_log_tab() INFO: Log tab is already open. No need to open it! 09.05.24 10:58:25
open_tv.py indicator_visibility() INFO: Screener indicator is already hidden. No need to change its visibility! 09.05.24 10:58:25
open_entry_chart.py change_symbol() INFO: Entered symbol LEN.B 09.05.24 10:58:26
open_entry_chart.py change_tframe() INFO: No need to change the timeframe as the current chart is already on that timeframe! 09.05.24 10:58:28
open_entry_chart.py get_indicator() INFO: Found indicator Trade! 09.05.24 10:58:28
open_entry_chart.py change_indicator_settings() INFO: Trade Drawer's settings changed. Inputs: entry_time - 1725391800000, entry_price - 164.31, sl_price - 172.96, tp1_price - 155.66, tp2_price - 147.01, tp3_price - 138.36 09.05.24 10:58:32
open_entry_chart.py change_indicator_settings() INFO: Trade indicator fully loaded! 09.05.24 10:58:34
open_entry_chart.py save_chart_img() INFO: Took a snapshot and opened it in new tab. 09.05.24 10:58:34
open_entry_chart.py save_chart_img() INFO: Got link of image and tab! 09.05.24 10:58:36
database.local_db.py add_doc() INFO: Successfully sent a doc to Entries collection! 09.05.24 10:58:36
database.nk_db.py post_to_url() INFO: Post request to Nishant uncle's webhook sent successfully! Response: <Response [200]> 09.05.24 10:58:37
handle_alerts.py send_everywhere() INFO: Successfully sent entry data to all platforms for symbol LEN.B. 09.05.24 10:58:37
handle_alerts.py post() ERROR: Error in sending the entry to all platforms. Going to next symbol. 09.05.24 10:58:37
resources.utils.py open_log_tab() INFO: Log tab is already open. No need to open it! 09.05.24 10:58:37
resources.utils.py open_log_tab() INFO: Log tab is already open. No need to open it! 09.05.24 10:58:37
resources.utils.py open_log_tab() INFO: Log tab is already open. No need to open it! 09.05.24 10:58:37
open_tv.py indicator_visibility() INFO: Screener indicator is already hidden. No need to change its visibility! 09.05.24 10:58:37
open_entry_chart.py change_symbol() INFO: Entered symbol ET/USI:PC 09.05.24 10:58:38
open_entry_chart.py change_tframe() INFO: No need to change the timeframe as the current chart is already on that timeframe! 09.05.24 10:58:40
open_entry_chart.py get_indicator() INFO: Found indicator Trade! 09.05.24 10:58:40
open_entry_chart.py change_indicator_settings() INFO: Trade Drawer's settings changed. Inputs: entry_time - 1725456600000, entry_price - 20.8875412, sl_price - 28.6077729, tp1_price - 13.1673094, tp2_price - 5.4470776, tp3_price - -2.2731542 09.05.24 10:58:44
open_entry_chart.py change_indicator_settings() INFO: Trade indicator fully loaded! 09.05.24 10:58:46
open_entry_chart.py save_chart_img() INFO: Took a snapshot and opened it in new tab. 09.05.24 10:58:46
open_entry_chart.py save_chart_img() INFO: Got link of image and tab! 09.05.24 10:58:49
handle_alerts.py send_everywhere() ERROR: Error sending entry data: local variable 'response' referenced before assignment 09.05.24 10:58:49
handle_alerts.py post() ERROR: Error in posting an entry. Continuing to next entry. Error: 09.05.24 10:58:49
Traceback (most recent call last):
  File "send_to_socials\discord.py", line 42, in send_to_entry_channel
KeyError: None

During handling of the above exception, another exception occurred:

Traceback (most recent call last):
  File "handle_alerts.py", line 73, in post
  File "handle_alerts.py", line 124, in send_everywhere
  File "send_to_socials\discord.py", line 45, in send_to_entry_channel
UnboundLocalError: local variable 'response' referenced before assignment
resources.utils.py open_log_tab() INFO: Log tab is already open. No need to open it! 09.05.24 10:58:49
resources.utils.py open_log_tab() INFO: Log tab is already open. No need to open it! 09.05.24 10:58:49
resources.utils.py open_log_tab() INFO: Log tab is already open. No need to open it! 09.05.24 10:58:49
open_tv.py indicator_visibility() INFO: Screener indicator is already hidden. No need to change its visibility! 09.05.24 10:58:49
open_entry_chart.py change_symbol() INFO: Entered symbol OWL 09.05.24 10:58:50
open_entry_chart.py change_tframe() INFO: No need to change the timeframe as the current chart is already on that timeframe! 09.05.24 10:58:52
open_entry_chart.py get_indicator() INFO: Found indicator Trade! 09.05.24 10:58:52
open_entry_chart.py change_indicator_settings() INFO: Trade Drawer's settings changed. Inputs: entry_time - 1725456600000, entry_price - 16.86, sl_price - 17.83, tp1_price - 15.89, tp2_price - 14.92, tp3_price - 13.95 09.05.24 10:58:56
open_entry_chart.py change_indicator_settings() INFO: Trade indicator fully loaded! 09.05.24 10:58:58
open_entry_chart.py save_chart_img() INFO: Took a snapshot and opened it in new tab. 09.05.24 10:58:58
open_entry_chart.py save_chart_img() INFO: Got link of image and tab! 09.05.24 10:59:00
database.local_db.py add_doc() INFO: Successfully sent a doc to Entries collection! 09.05.24 10:59:01
database.nk_db.py post_to_url() INFO: Post request to Nishant uncle's webhook sent successfully! Response: <Response [200]> 09.05.24 10:59:01
handle_alerts.py send_everywhere() INFO: Successfully sent entry data to all platforms for symbol OWL. 09.05.24 10:59:01
handle_alerts.py post() ERROR: Error in sending the entry to all platforms. Going to next symbol. 09.05.24 10:59:01
resources.utils.py open_log_tab() INFO: Log tab is already open. No need to open it! 09.05.24 10:59:01
resources.utils.py open_log_tab() INFO: Log tab is already open. No need to open it! 09.05.24 10:59:01
resources.utils.py open_log_tab() INFO: Log tab is already open. No need to open it! 09.05.24 10:59:01
open_tv.py indicator_visibility() INFO: Screener indicator is already hidden. No need to change its visibility! 09.05.24 10:59:01
open_entry_chart.py change_symbol() INFO: Entered symbol PIAIF 09.05.24 10:59:02
open_entry_chart.py change_tframe() INFO: No need to change the timeframe as the current chart is already on that timeframe! 09.05.24 10:59:04
open_entry_chart.py get_indicator() INFO: Found indicator Trade! 09.05.24 10:59:04
open_entry_chart.py change_indicator_settings() INFO: Trade Drawer's settings changed. Inputs: entry_time - 1724938200000, entry_price - 5.05, sl_price - 4.05, tp1_price - 6.05, tp2_price - 7.05, tp3_price - 8.05 09.05.24 10:59:08
open_entry_chart.py change_indicator_settings() INFO: Trade indicator fully loaded! 09.05.24 10:59:10
open_entry_chart.py save_chart_img() INFO: Took a snapshot and opened it in new tab. 09.05.24 10:59:10
open_entry_chart.py save_chart_img() INFO: Got link of image and tab! 09.05.24 10:59:13
database.local_db.py add_doc() INFO: Successfully sent a doc to Entries collection! 09.05.24 10:59:13
database.nk_db.py post_to_url() INFO: Post request to Nishant uncle's webhook sent successfully! Response: <Response [200]> 09.05.24 10:59:14
handle_alerts.py send_everywhere() INFO: Successfully sent entry data to all platforms for symbol PIAIF. 09.05.24 10:59:14
handle_alerts.py post() ERROR: Error in sending the entry to all platforms. Going to next symbol. 09.05.24 10:59:14
resources.utils.py open_log_tab() INFO: Log tab is already open. No need to open it! 09.05.24 10:59:14
resources.utils.py open_log_tab() INFO: Log tab is already open. No need to open it! 09.05.24 10:59:14
resources.utils.py open_log_tab() INFO: Log tab is already open. No need to open it! 09.05.24 10:59:14
open_tv.py indicator_visibility() INFO: Screener indicator is already hidden. No need to change its visibility! 09.05.24 10:59:14
open_entry_chart.py change_symbol() INFO: Entered symbol RUT 09.05.24 10:59:15
open_entry_chart.py change_tframe() INFO: No need to change the timeframe as the current chart is already on that timeframe! 09.05.24 10:59:17
open_entry_chart.py get_indicator() INFO: Found indicator Trade! 09.05.24 10:59:17
open_entry_chart.py change_indicator_settings() INFO: Trade Drawer's settings changed. Inputs: entry_time - 1725456600000, entry_price - 2151.2403, sl_price - 2237.6882, tp1_price - 2064.7924, tp2_price - 1978.3445, tp3_price - 1891.8966 09.05.24 10:59:21
open_entry_chart.py change_indicator_settings() INFO: Trade indicator fully loaded! 09.05.24 10:59:23
open_entry_chart.py save_chart_img() INFO: Took a snapshot and opened it in new tab. 09.05.24 10:59:23
open_entry_chart.py save_chart_img() INFO: Got link of image and tab! 09.05.24 10:59:25
database.local_db.py add_doc() INFO: Successfully sent a doc to Entries collection! 09.05.24 10:59:26
database.nk_db.py post_to_url() INFO: Post request to Nishant uncle's webhook sent successfully! Response: <Response [200]> 09.05.24 10:59:26
handle_alerts.py send_everywhere() INFO: Successfully sent entry data to all platforms for symbol RUT. 09.05.24 10:59:26
handle_alerts.py post() ERROR: Error in sending the entry to all platforms. Going to next symbol. 09.05.24 10:59:26
resources.utils.py open_log_tab() INFO: Log tab is already open. No need to open it! 09.05.24 10:59:26
resources.utils.py open_log_tab() INFO: Log tab is already open. No need to open it! 09.05.24 10:59:26
resources.utils.py open_log_tab() INFO: Log tab is already open. No need to open it! 09.05.24 10:59:26
open_tv.py indicator_visibility() INFO: Screener indicator is already hidden. No need to change its visibility! 09.05.24 10:59:27
open_entry_chart.py change_symbol() INFO: Entered symbol ALC 09.05.24 10:59:27
open_entry_chart.py change_tframe() INFO: No need to change the timeframe as the current chart is already on that timeframe! 09.05.24 10:59:30
open_entry_chart.py get_indicator() INFO: Found indicator Trade! 09.05.24 10:59:30
open_entry_chart.py change_indicator_settings() INFO: Trade Drawer's settings changed. Inputs: entry_time - 1725456600000, entry_price - 94.66, sl_price - 97.98, tp1_price - 91.34, tp2_price - 88.02, tp3_price - 84.7 09.05.24 10:59:33
open_entry_chart.py change_indicator_settings() INFO: Trade indicator fully loaded! 09.05.24 10:59:35
open_entry_chart.py save_chart_img() INFO: Took a snapshot and opened it in new tab. 09.05.24 10:59:35
open_entry_chart.py save_chart_img() INFO: Got link of image and tab! 09.05.24 10:59:37
database.local_db.py add_doc() INFO: Successfully sent a doc to Entries collection! 09.05.24 10:59:38
database.nk_db.py post_to_url() INFO: Post request to Nishant uncle's webhook sent successfully! Response: <Response [200]> 09.05.24 10:59:38
handle_alerts.py send_everywhere() INFO: Successfully sent entry data to all platforms for symbol ALC. 09.05.24 10:59:38
handle_alerts.py post() ERROR: Error in sending the entry to all platforms. Going to next symbol. 09.05.24 10:59:38
resources.utils.py open_log_tab() INFO: Log tab is already open. No need to open it! 09.05.24 10:59:38
resources.utils.py open_log_tab() INFO: Log tab is already open. No need to open it! 09.05.24 10:59:38
resources.utils.py open_log_tab() INFO: Log tab is already open. No need to open it! 09.05.24 10:59:38
open_tv.py indicator_visibility() INFO: Screener indicator is already hidden. No need to change its visibility! 09.05.24 10:59:39
open_entry_chart.py change_symbol() INFO: Entered symbol VMC 09.05.24 10:59:39
open_entry_chart.py change_tframe() INFO: No need to change the timeframe as the current chart is already on that timeframe! 09.05.24 10:59:42
open_entry_chart.py get_indicator() INFO: Found indicator Trade! 09.05.24 10:59:42
open_entry_chart.py change_indicator_settings() INFO: Trade Drawer's settings changed. Inputs: entry_time - 1725456600000, entry_price - 239.69, sl_price - 257.65, tp1_price - 221.73, tp2_price - 203.77, tp3_price - 185.81 09.05.24 10:59:45
open_entry_chart.py change_indicator_settings() INFO: Trade indicator fully loaded! 09.05.24 10:59:47
open_entry_chart.py save_chart_img() INFO: Took a snapshot and opened it in new tab. 09.05.24 10:59:47
open_entry_chart.py save_chart_img() INFO: Got link of image and tab! 09.05.24 10:59:50
database.local_db.py add_doc() INFO: Successfully sent a doc to Entries collection! 09.05.24 10:59:51
database.nk_db.py post_to_url() INFO: Post request to Nishant uncle's webhook sent successfully! Response: <Response [200]> 09.05.24 10:59:51
handle_alerts.py send_everywhere() INFO: Successfully sent entry data to all platforms for symbol VMC. 09.05.24 10:59:51
handle_alerts.py post() ERROR: Error in sending the entry to all platforms. Going to next symbol. 09.05.24 10:59:51
open_entry_chart.py change_symbol() INFO: Entered symbol APP 09.05.24 10:59:52
open_entry_chart.py change_tframe() INFO: No need to change the timeframe as the current chart is already on that timeframe! 09.05.24 10:59:54
open_entry_chart.py get_indicator() INFO: Found indicator Trade! 09.05.24 10:59:54
open_entry_chart.py change_indicator_settings() INFO: Trade Drawer's settings changed. Inputs: entry_time - 1725456600000, entry_price - 87.88, sl_price - 93.69, tp1_price - 82.07, tp2_price - 76.26, tp3_price - 70.45 09.05.24 10:59:57
open_entry_chart.py change_indicator_settings() INFO: Trade indicator fully loaded! 09.05.24 10:59:59
open_entry_chart.py save_chart_img() INFO: Took a snapshot and opened it in new tab. 09.05.24 11:00:00
open_entry_chart.py save_chart_img() INFO: Got link of image and tab! 09.05.24 11:00:03
database.local_db.py add_doc() INFO: Successfully sent a doc to Entries collection! 09.05.24 11:00:04
database.nk_db.py post_to_url() INFO: Post request to Nishant uncle's webhook sent successfully! Response: <Response [200]> 09.05.24 11:00:04
handle_alerts.py send_everywhere() INFO: Successfully sent entry data to all platforms for symbol APP. 09.05.24 11:00:04
handle_alerts.py post() ERROR: Error in sending the entry to all platforms. Going to next symbol. 09.05.24 11:00:04
resources.utils.py open_log_tab() INFO: Log tab is already open. No need to open it! 09.05.24 11:00:04
resources.utils.py open_log_tab() INFO: Log tab is already open. No need to open it! 09.05.24 11:00:04
resources.utils.py open_log_tab() INFO: Log tab is already open. No need to open it! 09.05.24 11:00:04
open_tv.py indicator_visibility() INFO: Screener indicator is already hidden. No need to change its visibility! 09.05.24 11:00:05
open_entry_chart.py change_symbol() INFO: Entered symbol STOHF 09.05.24 11:00:06
open_entry_chart.py change_tframe() INFO: No need to change the timeframe as the current chart is already on that timeframe! 09.05.24 11:00:08
open_entry_chart.py get_indicator() INFO: Found indicator Trade! 09.05.24 11:00:08
open_entry_chart.py change_indicator_settings() INFO: Trade Drawer's settings changed. Inputs: entry_time - 1725370200000, entry_price - 25.436, sl_price - 28.524, tp1_price - 22.348, tp2_price - 19.26, tp3_price - 16.172 09.05.24 11:00:12
open_entry_chart.py change_indicator_settings() INFO: Trade indicator fully loaded! 09.05.24 11:00:14
open_entry_chart.py save_chart_img() INFO: Took a snapshot and opened it in new tab. 09.05.24 11:00:14
open_entry_chart.py save_chart_img() INFO: Got link of image and tab! 09.05.24 11:00:15
database.local_db.py add_doc() INFO: Successfully sent a doc to Entries collection! 09.05.24 11:00:16
database.nk_db.py post_to_url() INFO: Post request to Nishant uncle's webhook sent successfully! Response: <Response [200]> 09.05.24 11:00:17
handle_alerts.py send_everywhere() INFO: Successfully sent entry data to all platforms for symbol STOHF. 09.05.24 11:00:17
handle_alerts.py post() ERROR: Error in sending the entry to all platforms. Going to next symbol. 09.05.24 11:00:17
resources.utils.py open_log_tab() INFO: Log tab is already open. No need to open it! 09.05.24 11:00:17
resources.utils.py open_log_tab() INFO: Log tab is already open. No need to open it! 09.05.24 11:00:17
resources.utils.py open_log_tab() INFO: Log tab is already open. No need to open it! 09.05.24 11:00:17
open_tv.py indicator_visibility() INFO: Screener indicator is already hidden. No need to change its visibility! 09.05.24 11:00:17
open_entry_chart.py change_symbol() INFO: Entered symbol RCI 09.05.24 11:00:18
open_entry_chart.py change_tframe() INFO: No need to change the timeframe as the current chart is already on that timeframe! 09.05.24 11:00:20
open_entry_chart.py get_indicator() INFO: Found indicator Trade! 09.05.24 11:00:20
open_entry_chart.py change_indicator_settings() INFO: Trade Drawer's settings changed. Inputs: entry_time - 1725456600000, entry_price - 40.5, sl_price - 40.01, tp1_price - 40.99, tp2_price - 41.48, tp3_price - 41.97 09.05.24 11:00:23
open_entry_chart.py change_indicator_settings() INFO: Trade indicator fully loaded! 09.05.24 11:00:26
open_entry_chart.py save_chart_img() INFO: Took a snapshot and opened it in new tab. 09.05.24 11:00:26
open_entry_chart.py save_chart_img() INFO: Got link of image and tab! 09.05.24 11:00:28
database.local_db.py add_doc() INFO: Successfully sent a doc to Entries collection! 09.05.24 11:00:28
database.nk_db.py post_to_url() INFO: Post request to Nishant uncle's webhook sent successfully! Response: <Response [200]> 09.05.24 11:00:29
handle_alerts.py send_everywhere() INFO: Successfully sent entry data to all platforms for symbol RCI. 09.05.24 11:00:29
handle_alerts.py post() ERROR: Error in sending the entry to all platforms. Going to next symbol. 09.05.24 11:00:29
resources.utils.py open_log_tab() INFO: Log tab is already open. No need to open it! 09.05.24 11:00:29
resources.utils.py open_log_tab() INFO: Log tab is already open. No need to open it! 09.05.24 11:00:29
resources.utils.py open_log_tab() INFO: Log tab is already open. No need to open it! 09.05.24 11:00:29
open_tv.py indicator_visibility() INFO: Screener indicator is already hidden. No need to change its visibility! 09.05.24 11:00:29
open_entry_chart.py change_symbol() INFO: Entered symbol HLT 09.05.24 11:00:30
open_entry_chart.py change_tframe() INFO: No need to change the timeframe as the current chart is already on that timeframe! 09.05.24 11:00:32
open_entry_chart.py get_indicator() INFO: Found indicator Trade! 09.05.24 11:00:32
open_entry_chart.py change_indicator_settings() INFO: Trade Drawer's settings changed. Inputs: entry_time - 1725456600000, entry_price - 214.405, sl_price - 220.45, tp1_price - 208.36, tp2_price - 202.315, tp3_price - 196.27 09.05.24 11:00:36
open_entry_chart.py change_indicator_settings() INFO: Trade indicator fully loaded! 09.05.24 11:00:38
open_entry_chart.py save_chart_img() INFO: Took a snapshot and opened it in new tab. 09.05.24 11:00:38
open_entry_chart.py save_chart_img() INFO: Got link of image and tab! 09.05.24 11:00:40
database.local_db.py add_doc() INFO: Successfully sent a doc to Entries collection! 09.05.24 11:00:40
database.nk_db.py post_to_url() INFO: Post request to Nishant uncle's webhook sent successfully! Response: <Response [200]> 09.05.24 11:00:41
handle_alerts.py send_everywhere() INFO: Successfully sent entry data to all platforms for symbol HLT. 09.05.24 11:00:41
handle_alerts.py post() ERROR: Error in sending the entry to all platforms. Going to next symbol. 09.05.24 11:00:41
resources.utils.py open_log_tab() INFO: Log tab is already open. No need to open it! 09.05.24 11:00:41
resources.utils.py open_log_tab() INFO: Log tab is already open. No need to open it! 09.05.24 11:00:41
resources.utils.py open_log_tab() INFO: Log tab is already open. No need to open it! 09.05.24 11:00:41
open_tv.py indicator_visibility() INFO: Screener indicator is already hidden. No need to change its visibility! 09.05.24 11:00:41
open_entry_chart.py change_symbol() INFO: Entered symbol DOV 09.05.24 11:00:42
open_entry_chart.py change_tframe() INFO: No need to change the timeframe as the current chart is already on that timeframe! 09.05.24 11:00:44
open_entry_chart.py get_indicator() INFO: Found indicator Trade! 09.05.24 11:00:44
open_entry_chart.py change_indicator_settings() INFO: Trade Drawer's settings changed. Inputs: entry_time - 1725456600000, entry_price - 180, sl_price - 186.165, tp1_price - 173.835, tp2_price - 167.67, tp3_price - 161.505 09.05.24 11:00:48
open_entry_chart.py change_indicator_settings() INFO: Trade indicator fully loaded! 09.05.24 11:00:50
open_entry_chart.py save_chart_img() INFO: Took a snapshot and opened it in new tab. 09.05.24 11:00:50
open_entry_chart.py save_chart_img() INFO: Got link of image and tab! 09.05.24 11:00:53
database.local_db.py add_doc() INFO: Successfully sent a doc to Entries collection! 09.05.24 11:00:53
database.nk_db.py post_to_url() INFO: Post request to Nishant uncle's webhook sent successfully! Response: <Response [200]> 09.05.24 11:00:53
handle_alerts.py send_everywhere() INFO: Successfully sent entry data to all platforms for symbol DOV. 09.05.24 11:00:53
handle_alerts.py post() ERROR: Error in sending the entry to all platforms. Going to next symbol. 09.05.24 11:00:53
resources.utils.py open_log_tab() INFO: Log tab is already open. No need to open it! 09.05.24 11:00:53
resources.utils.py open_log_tab() INFO: Log tab is already open. No need to open it! 09.05.24 11:00:53
resources.utils.py open_log_tab() INFO: Log tab is already open. No need to open it! 09.05.24 11:00:53
open_tv.py indicator_visibility() INFO: Screener indicator is already hidden. No need to change its visibility! 09.05.24 11:00:54
open_entry_chart.py change_symbol() INFO: Entered symbol RBA 09.05.24 11:00:55
open_entry_chart.py change_tframe() INFO: No need to change the timeframe as the current chart is already on that timeframe! 09.05.24 11:00:57
open_entry_chart.py get_indicator() INFO: Found indicator Trade! 09.05.24 11:00:57
open_entry_chart.py change_indicator_settings() INFO: Trade Drawer's settings changed. Inputs: entry_time - 1725456600000, entry_price - 84.05, sl_price - 87.42, tp1_price - 80.68, tp2_price - 77.31, tp3_price - 73.94 09.05.24 11:01:00
open_entry_chart.py change_indicator_settings() INFO: Trade indicator fully loaded! 09.05.24 11:01:03
open_entry_chart.py save_chart_img() INFO: Took a snapshot and opened it in new tab. 09.05.24 11:01:03
open_entry_chart.py save_chart_img() INFO: Got link of image and tab! 09.05.24 11:01:05
database.local_db.py add_doc() INFO: Successfully sent a doc to Entries collection! 09.05.24 11:01:05
database.nk_db.py post_to_url() INFO: Post request to Nishant uncle's webhook sent successfully! Response: <Response [200]> 09.05.24 11:01:06
handle_alerts.py send_everywhere() INFO: Successfully sent entry data to all platforms for symbol RBA. 09.05.24 11:01:06
handle_alerts.py post() ERROR: Error in sending the entry to all platforms. Going to next symbol. 09.05.24 11:01:06
resources.utils.py open_log_tab() INFO: Log tab is already open. No need to open it! 09.05.24 11:01:06
resources.utils.py open_log_tab() INFO: Log tab is already open. No need to open it! 09.05.24 11:01:06
resources.utils.py open_log_tab() INFO: Log tab is already open. No need to open it! 09.05.24 11:01:06
open_tv.py indicator_visibility() INFO: Screener indicator is already hidden. No need to change its visibility! 09.05.24 11:01:06
open_entry_chart.py change_symbol() INFO: Entered symbol KEY 09.05.24 11:01:07
open_entry_chart.py change_tframe() INFO: No need to change the timeframe as the current chart is already on that timeframe! 09.05.24 11:01:09
open_entry_chart.py get_indicator() INFO: Found indicator Trade! 09.05.24 11:01:09
open_entry_chart.py change_indicator_settings() INFO: Trade Drawer's settings changed. Inputs: entry_time - 1725456600000, entry_price - 16.77, sl_price - 17.195, tp1_price - 16.345, tp2_price - 15.92, tp3_price - 15.495 09.05.24 11:01:13
open_entry_chart.py change_indicator_settings() INFO: Trade indicator fully loaded! 09.05.24 11:01:15
open_entry_chart.py save_chart_img() INFO: Took a snapshot and opened it in new tab. 09.05.24 11:01:15
open_entry_chart.py save_chart_img() INFO: Got link of image and tab! 09.05.24 11:01:17
database.local_db.py add_doc() INFO: Successfully sent a doc to Entries collection! 09.05.24 11:01:18
database.nk_db.py post_to_url() INFO: Post request to Nishant uncle's webhook sent successfully! Response: <Response [200]> 09.05.24 11:01:18
handle_alerts.py send_everywhere() INFO: Successfully sent entry data to all platforms for symbol KEY. 09.05.24 11:01:18
handle_alerts.py post() ERROR: Error in sending the entry to all platforms. Going to next symbol. 09.05.24 11:01:18
resources.utils.py open_log_tab() INFO: Log tab is already open. No need to open it! 09.05.24 11:01:18
resources.utils.py open_log_tab() INFO: Log tab is already open. No need to open it! 09.05.24 11:01:18
resources.utils.py open_log_tab() INFO: Log tab is already open. No need to open it! 09.05.24 11:01:18
open_tv.py indicator_visibility() INFO: Screener indicator is already hidden. No need to change its visibility! 09.05.24 11:01:19
open_entry_chart.py change_symbol() INFO: Entered symbol UNLYF 09.05.24 11:01:19
open_entry_chart.py change_tframe() INFO: No need to change the timeframe as the current chart is already on that timeframe! 09.05.24 11:01:22
open_entry_chart.py get_indicator() INFO: Found indicator Trade! 09.05.24 11:01:22
open_entry_chart.py change_indicator_settings() INFO: Trade Drawer's settings changed. Inputs: entry_time - 1725373800000, entry_price - 66.98, sl_price - 47.0, tp1_price - 86.96, tp2_price - 106.94, tp3_price - 126.92 09.05.24 11:01:25
open_entry_chart.py change_indicator_settings() INFO: Trade indicator fully loaded! 09.05.24 11:01:27
open_entry_chart.py save_chart_img() INFO: Took a snapshot and opened it in new tab. 09.05.24 11:01:27
open_entry_chart.py save_chart_img() INFO: Got link of image and tab! 09.05.24 11:01:29
database.local_db.py add_doc() INFO: Successfully sent a doc to Entries collection! 09.05.24 11:01:29
database.nk_db.py post_to_url() INFO: Post request to Nishant uncle's webhook sent successfully! Response: <Response [200]> 09.05.24 11:01:30
handle_alerts.py send_everywhere() INFO: Successfully sent entry data to all platforms for symbol UNLYF. 09.05.24 11:01:30
handle_alerts.py post() ERROR: Error in sending the entry to all platforms. Going to next symbol. 09.05.24 11:01:30
resources.utils.py open_log_tab() INFO: Log tab is already open. No need to open it! 09.05.24 11:01:30
resources.utils.py open_log_tab() INFO: Log tab is already open. No need to open it! 09.05.24 11:01:30
resources.utils.py open_log_tab() INFO: Log tab is already open. No need to open it! 09.05.24 11:01:30
open_tv.py indicator_visibility() INFO: Screener indicator is already hidden. No need to change its visibility! 09.05.24 11:01:30
open_entry_chart.py change_symbol() INFO: Entered symbol BSBR 09.05.24 11:01:31
open_entry_chart.py change_tframe() INFO: No need to change the timeframe as the current chart is already on that timeframe! 09.05.24 11:01:33
open_entry_chart.py get_indicator() INFO: Found indicator Trade! 09.05.24 11:01:33
open_entry_chart.py change_indicator_settings() INFO: Trade Drawer's settings changed. Inputs: entry_time - 1725456600000, entry_price - 5.68, sl_price - 5.52, tp1_price - 5.84, tp2_price - 6.0, tp3_price - 6.16 09.05.24 11:01:37
open_entry_chart.py change_indicator_settings() INFO: Trade indicator fully loaded! 09.05.24 11:01:39
open_entry_chart.py save_chart_img() INFO: Took a snapshot and opened it in new tab. 09.05.24 11:01:39
open_entry_chart.py save_chart_img() INFO: Got link of image and tab! 09.05.24 11:01:41
database.local_db.py add_doc() INFO: Successfully sent a doc to Entries collection! 09.05.24 11:01:42
database.nk_db.py post_to_url() INFO: Post request to Nishant uncle's webhook sent successfully! Response: <Response [200]> 09.05.24 11:01:42
handle_alerts.py send_everywhere() INFO: Successfully sent entry data to all platforms for symbol BSBR. 09.05.24 11:01:42
handle_alerts.py post() ERROR: Error in sending the entry to all platforms. Going to next symbol. 09.05.24 11:01:42
resources.utils.py open_log_tab() INFO: Log tab is already open. No need to open it! 09.05.24 11:01:42
resources.utils.py open_log_tab() INFO: Log tab is already open. No need to open it! 09.05.24 11:01:42
resources.utils.py open_log_tab() INFO: Log tab is already open. No need to open it! 09.05.24 11:01:42
open_tv.py indicator_visibility() INFO: Screener indicator is already hidden. No need to change its visibility! 09.05.24 11:01:42
open_entry_chart.py change_symbol() INFO: Entered symbol BAC/PK 09.05.24 11:01:43
open_entry_chart.py change_tframe() INFO: No need to change the timeframe as the current chart is already on that timeframe! 09.05.24 11:01:45
open_entry_chart.py get_indicator() INFO: Found indicator Trade! 09.05.24 11:01:45
open_entry_chart.py change_indicator_settings() INFO: Trade Drawer's settings changed. Inputs: entry_time - 1725456600000, entry_price - 25.1, sl_price - 24.94, tp1_price - 25.26, tp2_price - 25.42, tp3_price - 25.58 09.05.24 11:01:49
open_entry_chart.py change_indicator_settings() INFO: Trade indicator fully loaded! 09.05.24 11:01:51
open_entry_chart.py save_chart_img() INFO: Took a snapshot and opened it in new tab. 09.05.24 11:01:51
open_entry_chart.py save_chart_img() INFO: Got link of image and tab! 09.05.24 11:01:53
database.local_db.py add_doc() INFO: Successfully sent a doc to Entries collection! 09.05.24 11:01:53
database.nk_db.py post_to_url() INFO: Post request to Nishant uncle's webhook sent successfully! Response: <Response [200]> 09.05.24 11:01:54
handle_alerts.py send_everywhere() INFO: Successfully sent entry data to all platforms for symbol BAC/PK. 09.05.24 11:01:54
handle_alerts.py post() ERROR: Error in sending the entry to all platforms. Going to next symbol. 09.05.24 11:01:54
resources.utils.py open_log_tab() INFO: Log tab is already open. No need to open it! 09.05.24 11:01:54
resources.utils.py open_alert_tab() INFO: Alerts tab is closed. Will open it. 09.05.24 11:01:54
handle_alerts.py restart_inactive_alerts() INFO: Clicked on "Restart all inactive" 09.05.24 11:01:55
handle_alerts.py restart_inactive_alerts() INFO: Restarting all inactive alerts! 09.05.24 11:01:55
resources.utils.py open_log_tab() INFO: Logs tab is closed. Will open it. 09.05.24 11:01:56
resources.utils.py open_log_tab() INFO: Log tab is already open. No need to open it! 09.05.24 11:01:57
open_tv.py indicator_visibility() INFO: Screener indicator is already hidden. No need to change its visibility! 09.05.24 11:01:57
open_entry_chart.py change_symbol() INFO: Entered symbol ALL/PB 09.05.24 11:01:58
open_entry_chart.py change_tframe() INFO: No need to change the timeframe as the current chart is already on that timeframe! 09.05.24 11:02:00
open_entry_chart.py get_indicator() INFO: Found indicator Trade! 09.05.24 11:02:00
open_entry_chart.py change_indicator_settings() INFO: Trade Drawer's settings changed. Inputs: entry_time - 1725456600000, entry_price - 25.91, sl_price - 25.73, tp1_price - 26.09, tp2_price - 26.27, tp3_price - 26.45 09.05.24 11:02:04
open_entry_chart.py change_indicator_settings() INFO: Trade indicator fully loaded! 09.05.24 11:02:06
open_entry_chart.py save_chart_img() INFO: Took a snapshot and opened it in new tab. 09.05.24 11:02:06
open_entry_chart.py save_chart_img() INFO: Got link of image and tab! 09.05.24 11:02:08
database.local_db.py add_doc() INFO: Successfully sent a doc to Entries collection! 09.05.24 11:02:08
database.nk_db.py post_to_url() INFO: Post request to Nishant uncle's webhook sent successfully! Response: <Response [200]> 09.05.24 11:02:09
handle_alerts.py send_everywhere() INFO: Successfully sent entry data to all platforms for symbol ALL/PB. 09.05.24 11:02:09
handle_alerts.py post() ERROR: Error in sending the entry to all platforms. Going to next symbol. 09.05.24 11:02:09
open_entry_chart.py change_symbol() INFO: Entered symbol URI 09.05.24 11:02:10
open_entry_chart.py change_tframe() INFO: No need to change the timeframe as the current chart is already on that timeframe! 09.05.24 11:02:12
open_entry_chart.py get_indicator() INFO: Found indicator Trade! 09.05.24 11:02:12
open_entry_chart.py change_indicator_settings() INFO: Trade Drawer's settings changed. Inputs: entry_time - 1725456600000, entry_price - 702.82, sl_price - 757.3, tp1_price - 648.34, tp2_price - 593.86, tp3_price - 539.38 09.05.24 11:02:15
open_entry_chart.py change_indicator_settings() INFO: Trade indicator fully loaded! 09.05.24 11:02:18
open_entry_chart.py save_chart_img() INFO: Took a snapshot and opened it in new tab. 09.05.24 11:02:18
open_entry_chart.py save_chart_img() INFO: Got link of image and tab! 09.05.24 11:02:19
database.local_db.py add_doc() INFO: Successfully sent a doc to Entries collection! 09.05.24 11:02:20
database.nk_db.py post_to_url() INFO: Post request to Nishant uncle's webhook sent successfully! Response: <Response [200]> 09.05.24 11:02:20
handle_alerts.py send_everywhere() INFO: Successfully sent entry data to all platforms for symbol URI. 09.05.24 11:02:20
handle_alerts.py post() ERROR: Error in sending the entry to all platforms. Going to next symbol. 09.05.24 11:02:20
resources.utils.py open_log_tab() INFO: Log tab is already open. No need to open it! 09.05.24 11:02:20
resources.utils.py open_log_tab() INFO: Log tab is already open. No need to open it! 09.05.24 11:02:20
resources.utils.py open_log_tab() INFO: Log tab is already open. No need to open it! 09.05.24 11:02:20
open_tv.py indicator_visibility() INFO: Screener indicator is already hidden. No need to change its visibility! 09.05.24 11:02:21
open_entry_chart.py change_symbol() INFO: Entered symbol CNSWF 09.05.24 11:02:22
open_entry_chart.py change_tframe() INFO: No need to change the timeframe as the current chart is already on that timeframe! 09.05.24 11:02:24
open_entry_chart.py get_indicator() INFO: Found indicator Trade! 09.05.24 11:02:24
open_entry_chart.py change_indicator_settings() INFO: Trade Drawer's settings changed. Inputs: entry_time - 1725456600000, entry_price - 3160.955, sl_price - 3300.0, tp1_price - 3021.91, tp2_price - 2882.865, tp3_price - 2743.82 09.05.24 11:02:27
open_entry_chart.py change_indicator_settings() INFO: Trade indicator fully loaded! 09.05.24 11:02:30
open_entry_chart.py save_chart_img() INFO: Took a snapshot and opened it in new tab. 09.05.24 11:02:30
open_entry_chart.py save_chart_img() INFO: Got link of image and tab! 09.05.24 11:02:32
database.local_db.py add_doc() INFO: Successfully sent a doc to Entries collection! 09.05.24 11:02:32
database.nk_db.py post_to_url() INFO: Post request to Nishant uncle's webhook sent successfully! Response: <Response [200]> 09.05.24 11:02:33
handle_alerts.py send_everywhere() INFO: Successfully sent entry data to all platforms for symbol CNSWF. 09.05.24 11:02:33
handle_alerts.py post() ERROR: Error in sending the entry to all platforms. Going to next symbol. 09.05.24 11:02:33
resources.utils.py open_log_tab() INFO: Log tab is already open. No need to open it! 09.05.24 11:02:33
resources.utils.py open_log_tab() INFO: Log tab is already open. No need to open it! 09.05.24 11:02:33
resources.utils.py open_log_tab() INFO: Log tab is already open. No need to open it! 09.05.24 11:02:33
open_tv.py indicator_visibility() INFO: Screener indicator is already hidden. No need to change its visibility! 09.05.24 11:02:33
open_entry_chart.py change_symbol() INFO: Entered symbol GXYYY 09.05.24 11:02:34
open_entry_chart.py change_tframe() INFO: No need to change the timeframe as the current chart is already on that timeframe! 09.05.24 11:02:36
open_entry_chart.py get_indicator() INFO: Found indicator Trade! 09.05.24 11:02:36
open_entry_chart.py change_indicator_settings() INFO: Trade Drawer's settings changed. Inputs: entry_time - 1725456600000, entry_price - 18.9, sl_price - 20.59, tp1_price - 17.21, tp2_price - 15.52, tp3_price - 13.83 09.05.24 11:02:40
open_entry_chart.py change_indicator_settings() INFO: Trade indicator fully loaded! 09.05.24 11:02:42
open_entry_chart.py save_chart_img() INFO: Took a snapshot and opened it in new tab. 09.05.24 11:02:42
open_entry_chart.py save_chart_img() INFO: Got link of image and tab! 09.05.24 11:02:45
database.local_db.py add_doc() INFO: Successfully sent a doc to Entries collection! 09.05.24 11:02:45
database.nk_db.py post_to_url() INFO: Post request to Nishant uncle's webhook sent successfully! Response: <Response [200]> 09.05.24 11:02:46
handle_alerts.py send_everywhere() INFO: Successfully sent entry data to all platforms for symbol GXYYY. 09.05.24 11:02:46
handle_alerts.py post() ERROR: Error in sending the entry to all platforms. Going to next symbol. 09.05.24 11:02:46
resources.utils.py open_log_tab() INFO: Log tab is already open. No need to open it! 09.05.24 11:02:46
resources.utils.py open_log_tab() INFO: Log tab is already open. No need to open it! 09.05.24 11:02:46
resources.utils.py open_log_tab() INFO: Log tab is already open. No need to open it! 09.05.24 11:02:46
open_tv.py indicator_visibility() INFO: Screener indicator is already hidden. No need to change its visibility! 09.05.24 11:02:46
open_entry_chart.py change_symbol() INFO: Entered symbol SBGSY 09.05.24 11:02:47
open_entry_chart.py change_tframe() INFO: No need to change the timeframe as the current chart is already on that timeframe! 09.05.24 11:02:50
open_entry_chart.py get_indicator() INFO: Found indicator Trade! 09.05.24 11:02:50
open_entry_chart.py change_indicator_settings() INFO: Trade Drawer's settings changed. Inputs: entry_time - 1725456600000, entry_price - 49.7, sl_price - 51.2, tp1_price - 48.2, tp2_price - 46.7, tp3_price - 45.2 09.05.24 11:02:56
open_entry_chart.py change_indicator_settings() INFO: Trade indicator fully loaded! 09.05.24 11:02:59
open_entry_chart.py save_chart_img() INFO: Took a snapshot and opened it in new tab. 09.05.24 11:02:59
open_entry_chart.py save_chart_img() INFO: Got link of image and tab! 09.05.24 11:03:01
database.local_db.py add_doc() INFO: Successfully sent a doc to Entries collection! 09.05.24 11:03:02
database.nk_db.py post_to_url() INFO: Post request to Nishant uncle's webhook sent successfully! Response: <Response [200]> 09.05.24 11:03:02
handle_alerts.py send_everywhere() INFO: Successfully sent entry data to all platforms for symbol SBGSY. 09.05.24 11:03:02
handle_alerts.py post() ERROR: Error in sending the entry to all platforms. Going to next symbol. 09.05.24 11:03:02
resources.utils.py open_log_tab() INFO: Log tab is already open. No need to open it! 09.05.24 11:03:02
resources.utils.py open_log_tab() INFO: Log tab is already open. No need to open it! 09.05.24 11:03:02
resources.utils.py open_log_tab() INFO: Log tab is already open. No need to open it! 09.05.24 11:03:02
open_tv.py indicator_visibility() INFO: Screener indicator is already hidden. No need to change its visibility! 09.05.24 11:03:03
open_entry_chart.py change_symbol() INFO: Entered symbol ASHTY 09.05.24 11:03:04
open_entry_chart.py change_tframe() INFO: No need to change the timeframe as the current chart is already on that timeframe! 09.05.24 11:03:06
open_entry_chart.py get_indicator() INFO: Found indicator Trade! 09.05.24 11:03:06
open_entry_chart.py change_indicator_settings() INFO: Trade Drawer's settings changed. Inputs: entry_time - 1725456600000, entry_price - 279.635, sl_price - 292.46, tp1_price - 266.81, tp2_price - 253.985, tp3_price - 241.16 09.05.24 11:03:09
open_entry_chart.py change_indicator_settings() INFO: Trade indicator fully loaded! 09.05.24 11:03:11
open_entry_chart.py save_chart_img() INFO: Took a snapshot and opened it in new tab. 09.05.24 11:03:12
open_entry_chart.py save_chart_img() INFO: Got link of image and tab! 09.05.24 11:03:14
database.local_db.py add_doc() INFO: Successfully sent a doc to Entries collection! 09.05.24 11:03:15
database.nk_db.py post_to_url() INFO: Post request to Nishant uncle's webhook sent successfully! Response: <Response [200]> 09.05.24 11:03:15
handle_alerts.py send_everywhere() INFO: Successfully sent entry data to all platforms for symbol ASHTY. 09.05.24 11:03:15
handle_alerts.py post() ERROR: Error in sending the entry to all platforms. Going to next symbol. 09.05.24 11:03:15
resources.utils.py open_log_tab() INFO: Log tab is already open. No need to open it! 09.05.24 11:03:15
resources.utils.py open_log_tab() INFO: Log tab is already open. No need to open it! 09.05.24 11:03:15
resources.utils.py open_log_tab() INFO: Log tab is already open. No need to open it! 09.05.24 11:03:15
open_tv.py indicator_visibility() INFO: Screener indicator is already hidden. No need to change its visibility! 09.05.24 11:03:16
open_entry_chart.py change_symbol() INFO: Entered symbol CRWD 09.05.24 11:03:16
open_entry_chart.py change_tframe() INFO: No need to change the timeframe as the current chart is already on that timeframe! 09.05.24 11:03:18
open_entry_chart.py get_indicator() INFO: Found indicator Trade! 09.05.24 11:03:19
open_entry_chart.py change_indicator_settings() INFO: Trade Drawer's settings changed. Inputs: entry_time - 1725456600000, entry_price - 263.54, sl_price - 285.7, tp1_price - 241.38, tp2_price - 219.22, tp3_price - 197.06 09.05.24 11:03:24
open_entry_chart.py change_indicator_settings() INFO: Trade indicator fully loaded! 09.05.24 11:03:26
open_entry_chart.py save_chart_img() INFO: Took a snapshot and opened it in new tab. 09.05.24 11:03:26
open_entry_chart.py save_chart_img() INFO: Got link of image and tab! 09.05.24 11:03:28
database.local_db.py add_doc() INFO: Successfully sent a doc to Entries collection! 09.05.24 11:03:29
database.nk_db.py post_to_url() INFO: Post request to Nishant uncle's webhook sent successfully! Response: <Response [200]> 09.05.24 11:03:29
handle_alerts.py send_everywhere() INFO: Successfully sent entry data to all platforms for symbol CRWD. 09.05.24 11:03:29
handle_alerts.py post() ERROR: Error in sending the entry to all platforms. Going to next symbol. 09.05.24 11:03:29
resources.utils.py open_log_tab() INFO: Log tab is already open. No need to open it! 09.05.24 11:03:29
resources.utils.py open_log_tab() INFO: Log tab is already open. No need to open it! 09.05.24 11:03:29
resources.utils.py open_log_tab() INFO: Log tab is already open. No need to open it! 09.05.24 11:03:29
open_tv.py indicator_visibility() INFO: Screener indicator is already hidden. No need to change its visibility! 09.05.24 11:03:29
open_entry_chart.py change_symbol() INFO: Entered symbol SMMNY 09.05.24 11:03:30
open_entry_chart.py change_tframe() INFO: No need to change the timeframe as the current chart is already on that timeframe! 09.05.24 11:03:33
open_entry_chart.py get_indicator() INFO: Found indicator Trade! 09.05.24 11:03:33
open_entry_chart.py change_indicator_settings() INFO: Trade Drawer's settings changed. Inputs: entry_time - 1725456600000, entry_price - 28.425, sl_price - 29.172, tp1_price - 27.678, tp2_price - 26.931, tp3_price - 26.184 09.05.24 11:03:36
open_entry_chart.py change_indicator_settings() INFO: Trade indicator fully loaded! 09.05.24 11:03:38
open_entry_chart.py save_chart_img() INFO: Took a snapshot and opened it in new tab. 09.05.24 11:03:39
open_entry_chart.py save_chart_img() INFO: Got link of image and tab! 09.05.24 11:03:40
database.local_db.py add_doc() INFO: Successfully sent a doc to Entries collection! 09.05.24 11:03:41
database.nk_db.py post_to_url() INFO: Post request to Nishant uncle's webhook sent successfully! Response: <Response [200]> 09.05.24 11:03:41
handle_alerts.py send_everywhere() INFO: Successfully sent entry data to all platforms for symbol SMMNY. 09.05.24 11:03:41
handle_alerts.py post() ERROR: Error in sending the entry to all platforms. Going to next symbol. 09.05.24 11:03:41
resources.utils.py open_log_tab() INFO: Log tab is already open. No need to open it! 09.05.24 11:03:41
resources.utils.py open_log_tab() INFO: Log tab is already open. No need to open it! 09.05.24 11:03:41
resources.utils.py open_log_tab() INFO: Log tab is already open. No need to open it! 09.05.24 11:03:41
open_tv.py indicator_visibility() INFO: Screener indicator is already hidden. No need to change its visibility! 09.05.24 11:03:42
open_entry_chart.py change_symbol() INFO: Entered symbol FANUY 09.05.24 11:03:43
open_entry_chart.py change_tframe() INFO: No need to change the timeframe as the current chart is already on that timeframe! 09.05.24 11:03:45
open_entry_chart.py get_indicator() INFO: Found indicator Trade! 09.05.24 11:03:45
open_entry_chart.py change_indicator_settings() INFO: Trade Drawer's settings changed. Inputs: entry_time - 1725456600000, entry_price - 13.9595, sl_price - 15.21, tp1_price - 12.709, tp2_price - 11.4585, tp3_price - 10.208 09.05.24 11:03:48
open_entry_chart.py change_indicator_settings() INFO: Trade indicator fully loaded! 09.05.24 11:03:50
open_entry_chart.py save_chart_img() INFO: Took a snapshot and opened it in new tab. 09.05.24 11:03:51
open_entry_chart.py save_chart_img() INFO: Got link of image and tab! 09.05.24 11:03:52
database.local_db.py add_doc() INFO: Successfully sent a doc to Entries collection! 09.05.24 11:03:53
database.nk_db.py post_to_url() INFO: Post request to Nishant uncle's webhook sent successfully! Response: <Response [200]> 09.05.24 11:03:53
handle_alerts.py send_everywhere() INFO: Successfully sent entry data to all platforms for symbol FANUY. 09.05.24 11:03:53
handle_alerts.py post() ERROR: Error in sending the entry to all platforms. Going to next symbol. 09.05.24 11:03:53
open_entry_chart.py change_symbol() INFO: Entered symbol EBR 09.05.24 11:03:54
open_entry_chart.py change_tframe() INFO: No need to change the timeframe as the current chart is already on that timeframe! 09.05.24 11:03:56
open_entry_chart.py get_indicator() INFO: Found indicator Trade! 09.05.24 11:03:56
open_entry_chart.py change_indicator_settings() INFO: Trade Drawer's settings changed. Inputs: entry_time - 1725456600000, entry_price - 7.48, sl_price - 7.235, tp1_price - 7.725, tp2_price - 7.97, tp3_price - 8.215 09.05.24 11:03:59
open_entry_chart.py change_indicator_settings() INFO: Trade indicator fully loaded! 09.05.24 11:04:02
open_entry_chart.py save_chart_img() INFO: Took a snapshot and opened it in new tab. 09.05.24 11:04:02
open_entry_chart.py save_chart_img() INFO: Got link of image and tab! 09.05.24 11:04:03
database.local_db.py add_doc() INFO: Successfully sent a doc to Entries collection! 09.05.24 11:04:04
database.nk_db.py post_to_url() INFO: Post request to Nishant uncle's webhook sent successfully! Response: <Response [200]> 09.05.24 11:04:04
handle_alerts.py send_everywhere() INFO: Successfully sent entry data to all platforms for symbol EBR. 09.05.24 11:04:04
handle_alerts.py post() ERROR: Error in sending the entry to all platforms. Going to next symbol. 09.05.24 11:04:04
resources.utils.py open_log_tab() INFO: Log tab is already open. No need to open it! 09.05.24 11:04:04
resources.utils.py open_log_tab() INFO: Log tab is already open. No need to open it! 09.05.24 11:04:04
resources.utils.py open_log_tab() INFO: Log tab is already open. No need to open it! 09.05.24 11:04:04
open_tv.py indicator_visibility() INFO: Screener indicator is already hidden. No need to change its visibility! 09.05.24 11:04:05
open_entry_chart.py change_symbol() INFO: Entered symbol FAST 09.05.24 11:04:06
open_entry_chart.py change_tframe() INFO: No need to change the timeframe as the current chart is already on that timeframe! 09.05.24 11:04:08
open_entry_chart.py get_indicator() INFO: Found indicator Trade! 09.05.24 11:04:08
open_entry_chart.py change_indicator_settings() INFO: Trade Drawer's settings changed. Inputs: entry_time - 1725456600000, entry_price - 66.9, sl_price - 68.65, tp1_price - 65.15, tp2_price - 63.4, tp3_price - 61.65 09.05.24 11:04:11
open_entry_chart.py change_indicator_settings() INFO: Trade indicator fully loaded! 09.05.24 11:04:14
open_entry_chart.py save_chart_img() INFO: Took a snapshot and opened it in new tab. 09.05.24 11:04:14
open_entry_chart.py save_chart_img() INFO: Got link of image and tab! 09.05.24 11:04:16
database.local_db.py add_doc() INFO: Successfully sent a doc to Entries collection! 09.05.24 11:04:17
database.nk_db.py post_to_url() INFO: Post request to Nishant uncle's webhook sent successfully! Response: <Response [200]> 09.05.24 11:04:17
handle_alerts.py send_everywhere() INFO: Successfully sent entry data to all platforms for symbol FAST. 09.05.24 11:04:17
handle_alerts.py post() ERROR: Error in sending the entry to all platforms. Going to next symbol. 09.05.24 11:04:17
resources.utils.py open_log_tab() INFO: Log tab is already open. No need to open it! 09.05.24 11:04:17
resources.utils.py open_log_tab() INFO: Log tab is already open. No need to open it! 09.05.24 11:04:17
resources.utils.py open_log_tab() INFO: Log tab is already open. No need to open it! 09.05.24 11:04:17
open_tv.py indicator_visibility() INFO: Screener indicator is already hidden. No need to change its visibility! 09.05.24 11:04:18
open_entry_chart.py change_symbol() INFO: Entered symbol CGEMY 09.05.24 11:04:19
open_entry_chart.py change_tframe() INFO: No need to change the timeframe as the current chart is already on that timeframe! 09.05.24 11:04:21
open_entry_chart.py get_indicator() INFO: Found indicator Trade! 09.05.24 11:04:21
open_entry_chart.py change_indicator_settings() INFO: Trade Drawer's settings changed. Inputs: entry_time - 1725456600000, entry_price - 40.55, sl_price - 41.72, tp1_price - 39.38, tp2_price - 38.21, tp3_price - 37.04 09.05.24 11:04:25
open_entry_chart.py change_indicator_settings() INFO: Trade indicator fully loaded! 09.05.24 11:04:27
open_entry_chart.py save_chart_img() INFO: Took a snapshot and opened it in new tab. 09.05.24 11:04:28
open_entry_chart.py save_chart_img() INFO: Got link of image and tab! 09.05.24 11:04:30
database.local_db.py add_doc() INFO: Successfully sent a doc to Entries collection! 09.05.24 11:04:30
database.nk_db.py post_to_url() INFO: Post request to Nishant uncle's webhook sent successfully! Response: <Response [200]> 09.05.24 11:04:31
handle_alerts.py send_everywhere() INFO: Successfully sent entry data to all platforms for symbol CGEMY. 09.05.24 11:04:31
handle_alerts.py post() ERROR: Error in sending the entry to all platforms. Going to next symbol. 09.05.24 11:04:31
resources.utils.py open_log_tab() INFO: Log tab is already open. No need to open it! 09.05.24 11:04:31
resources.utils.py open_log_tab() INFO: Log tab is already open. No need to open it! 09.05.24 11:04:31
resources.utils.py open_log_tab() INFO: Log tab is already open. No need to open it! 09.05.24 11:04:31
open_tv.py indicator_visibility() INFO: Screener indicator is already hidden. No need to change its visibility! 09.05.24 11:04:31
open_entry_chart.py change_symbol() INFO: Entered symbol CTTAY 09.05.24 11:04:32
open_entry_chart.py change_tframe() INFO: No need to change the timeframe as the current chart is already on that timeframe! 09.05.24 11:04:35
open_entry_chart.py get_indicator() INFO: Found indicator Trade! 09.05.24 11:04:35
open_entry_chart.py change_indicator_settings() INFO: Trade Drawer's settings changed. Inputs: entry_time - 1725456600000, entry_price - 6.6, sl_price - 6.97, tp1_price - 6.23, tp2_price - 5.86, tp3_price - 5.49 09.05.24 11:04:39
open_entry_chart.py change_indicator_settings() INFO: Trade indicator fully loaded! 09.05.24 11:04:42
open_entry_chart.py save_chart_img() INFO: Took a snapshot and opened it in new tab. 09.05.24 11:04:42
open_entry_chart.py save_chart_img() INFO: Got link of image and tab! 09.05.24 11:04:44
database.local_db.py add_doc() INFO: Successfully sent a doc to Entries collection! 09.05.24 11:04:45
database.nk_db.py post_to_url() INFO: Post request to Nishant uncle's webhook sent successfully! Response: <Response [200]> 09.05.24 11:04:45
handle_alerts.py send_everywhere() INFO: Successfully sent entry data to all platforms for symbol CTTAY. 09.05.24 11:04:45
handle_alerts.py post() ERROR: Error in sending the entry to all platforms. Going to next symbol. 09.05.24 11:04:45
resources.utils.py open_log_tab() INFO: Log tab is already open. No need to open it! 09.05.24 11:04:45
resources.utils.py open_log_tab() INFO: Log tab is already open. No need to open it! 09.05.24 11:04:45
resources.utils.py open_log_tab() INFO: Log tab is already open. No need to open it! 09.05.24 11:04:45
handle_alerts.py remove_alert() ERROR: Error in removing the alert from the Alert log. Error: 09.05.24 11:04:46
Traceback (most recent call last):
  File "handle_alerts.py", line 286, in remove_alert
  File "selenium\webdriver\remote\webelement.py", line 94, in click
  File "selenium\webdriver\remote\webelement.py", line 395, in _execute
  File "selenium\webdriver\remote\webdriver.py", line 354, in execute
  File "selenium\webdriver\remote\errorhandler.py", line 229, in check_response
selenium.common.exceptions.ElementNotInteractableException: Message: element not interactable
  (Session info: chrome=128.0.6613.120)
Stacktrace:
	GetHandleVerifier [0x00007FF78CE49632+30946]
	(No symbol) [0x00007FF78CDFE3C9]
	(No symbol) [0x00007FF78CCF6E09]
	(No symbol) [0x00007FF78CD49712]
	(No symbol) [0x00007FF78CD3C271]
	(No symbol) [0x00007FF78CD6CA6A]
	(No symbol) [0x00007FF78CD3BBB6]
	(No symbol) [0x00007FF78CD6CC80]
	(No symbol) [0x00007FF78CD8B041]
	(No symbol) [0x00007FF78CD6C813]
	(No symbol) [0x00007FF78CD3A6E5]
	(No symbol) [0x00007FF78CD3B021]
	GetHandleVerifier [0x00007FF78CF7F83D+1301229]
	GetHandleVerifier [0x00007FF78CF8BDB7+1351783]
	GetHandleVerifier [0x00007FF78CF82A03+1313971]
	GetHandleVerifier [0x00007FF78CE7DD06+245686]
	(No symbol) [0x00007FF78CE0758F]
	(No symbol) [0x00007FF78CE03804]
	(No symbol) [0x00007FF78CE03992]
	(No symbol) [0x00007FF78CDFA3EF]
	BaseThreadInitThunk [0x00007FFA751B257D+29]
	RtlUserThreadStart [0x00007FFA771CAF28+40]

open_tv.py indicator_visibility() INFO: Screener indicator is already hidden. No need to change its visibility! 09.05.24 11:04:46
handle_alerts.py post() ERROR: Error in posting an entry. Continuing to next entry. Error: 09.05.24 11:04:46
Traceback (most recent call last):
  File "handle_alerts.py", line 48, in post
AttributeError: 'NoneType' object has no attribute 'items'
resources.utils.py open_log_tab() INFO: Log tab is already open. No need to open it! 09.05.24 11:04:46
resources.utils.py open_log_tab() INFO: Log tab is already open. No need to open it! 09.05.24 11:04:46
resources.utils.py open_log_tab() INFO: Log tab is already open. No need to open it! 09.05.24 11:04:46
open_tv.py indicator_visibility() INFO: Screener indicator is already hidden. No need to change its visibility! 09.05.24 11:04:46
open_entry_chart.py change_symbol() INFO: Entered symbol PGPHF 09.05.24 11:04:48
open_entry_chart.py change_tframe() INFO: No need to change the timeframe as the current chart is already on that timeframe! 09.05.24 11:04:51
open_entry_chart.py get_indicator() INFO: Found indicator Trade! 09.05.24 11:04:51
open_entry_chart.py change_indicator_settings() INFO: Trade Drawer's settings changed. Inputs: entry_time - 1725373800000, entry_price - 1312.645, sl_price - 1464.16, tp1_price - 1161.13, tp2_price - 1009.615, tp3_price - 858.1 09.05.24 11:04:55
open_entry_chart.py change_indicator_settings() INFO: Trade indicator fully loaded! 09.05.24 11:04:57
open_entry_chart.py save_chart_img() INFO: Took a snapshot and opened it in new tab. 09.05.24 11:04:57
open_entry_chart.py save_chart_img() INFO: Got link of image and tab! 09.05.24 11:04:59
database.local_db.py add_doc() INFO: Successfully sent a doc to Entries collection! 09.05.24 11:04:59
database.nk_db.py post_to_url() INFO: Post request to Nishant uncle's webhook sent successfully! Response: <Response [200]> 09.05.24 11:05:00
handle_alerts.py send_everywhere() INFO: Successfully sent entry data to all platforms for symbol PGPHF. 09.05.24 11:05:00
handle_alerts.py post() ERROR: Error in sending the entry to all platforms. Going to next symbol. 09.05.24 11:05:00
resources.utils.py open_log_tab() INFO: Log tab is already open. No need to open it! 09.05.24 11:05:00
resources.utils.py open_log_tab() INFO: Log tab is already open. No need to open it! 09.05.24 11:05:00
resources.utils.py open_log_tab() INFO: Log tab is already open. No need to open it! 09.05.24 11:05:00
open_tv.py indicator_visibility() INFO: Screener indicator is already hidden. No need to change its visibility! 09.05.24 11:05:00
open_entry_chart.py change_symbol() INFO: Entered symbol CNC 09.05.24 11:05:01
open_entry_chart.py change_tframe() INFO: No need to change the timeframe as the current chart is already on that timeframe! 09.05.24 11:05:03
open_entry_chart.py get_indicator() INFO: Found indicator Trade! 09.05.24 11:05:03
open_entry_chart.py change_indicator_settings() INFO: Trade Drawer's settings changed. Inputs: entry_time - 1725456600000, entry_price - 74.87, sl_price - 80.57, tp1_price - 69.17, tp2_price - 63.47, tp3_price - 57.77 09.05.24 11:05:07
open_entry_chart.py change_indicator_settings() INFO: Trade indicator fully loaded! 09.05.24 11:05:10
open_entry_chart.py save_chart_img() INFO: Took a snapshot and opened it in new tab. 09.05.24 11:05:10
open_entry_chart.py save_chart_img() INFO: Got link of image and tab! 09.05.24 11:05:12
database.local_db.py add_doc() INFO: Successfully sent a doc to Entries collection! 09.05.24 11:05:12
database.nk_db.py post_to_url() INFO: Post request to Nishant uncle's webhook sent successfully! Response: <Response [200]> 09.05.24 11:05:12
handle_alerts.py send_everywhere() INFO: Successfully sent entry data to all platforms for symbol CNC. 09.05.24 11:05:12
handle_alerts.py post() ERROR: Error in sending the entry to all platforms. Going to next symbol. 09.05.24 11:05:12
resources.utils.py open_log_tab() INFO: Log tab is already open. No need to open it! 09.05.24 11:05:13
resources.utils.py open_log_tab() INFO: Log tab is already open. No need to open it! 09.05.24 11:05:13
resources.utils.py open_log_tab() INFO: Log tab is already open. No need to open it! 09.05.24 11:05:13
open_tv.py indicator_visibility() INFO: Screener indicator is already hidden. No need to change its visibility! 09.05.24 11:05:13
open_entry_chart.py change_symbol() INFO: Entered symbol EMR 09.05.24 11:05:14
